{"/home/timyr/backend-project-lvl4/knexfile.js": {"path":"/home/timyr/backend-project-lvl4/knexfile.js","statementMap":{"0":{"start":{"line":6,"column":18},"end":{"line":6,"column":62}},"1":{"start":{"line":8,"column":19},"end":{"line":10,"column":1}},"2":{"start":{"line":12,"column":27},"end":{"line":19,"column":1}},"3":{"start":{"line":21,"column":20},"end":{"line":27,"column":1}},"4":{"start":{"line":29,"column":26},"end":{"line":39,"column":1}}},"fnMap":{},"branchMap":{},"s":{"0":6,"1":6,"2":6,"3":6,"4":6},"f":{},"b":{},"_coverageSchema":"1a1c01bbd47fc00a2c39e90264f33305004495a9","hash":"bc5819f0b23ebbfdf74ba38081fb695c74bab77a"}
,"/home/timyr/backend-project-lvl4/server/plugin.js": {"path":"/home/timyr/backend-project-lvl4/server/plugin.js","statementMap":{"0":{"start":{"line":29,"column":18},"end":{"line":29,"column":62}},"1":{"start":{"line":31,"column":13},"end":{"line":31,"column":50}},"2":{"start":{"line":34,"column":19},"end":{"line":51,"column":1}},"3":{"start":{"line":35,"column":18},"end":{"line":35,"column":33}},"4":{"start":{"line":36,"column":2},"end":{"line":46,"column":5}},"5":{"start":{"line":43,"column":31},"end":{"line":43,"column":52}},"6":{"start":{"line":48,"column":2},"end":{"line":50,"column":5}},"7":{"start":{"line":49,"column":4},"end":{"line":49,"column":52}},"8":{"start":{"line":53,"column":26},"end":{"line":59,"column":1}},"9":{"start":{"line":54,"column":21},"end":{"line":54,"column":55}},"10":{"start":{"line":55,"column":2},"end":{"line":58,"column":5}},"11":{"start":{"line":61,"column":26},"end":{"line":71,"column":1}},"12":{"start":{"line":62,"column":2},"end":{"line":70,"column":7}},"13":{"start":{"line":73,"column":17},"end":{"line":79,"column":1}},"14":{"start":{"line":74,"column":2},"end":{"line":78,"column":5}},"15":{"start":{"line":75,"column":4},"end":{"line":77,"column":6}},"16":{"start":{"line":76,"column":29},"end":{"line":76,"column":50}},"17":{"start":{"line":81,"column":16},"end":{"line":85,"column":2}},"18":{"start":{"line":87,"column":21},"end":{"line":91,"column":1}},"19":{"start":{"line":88,"column":2},"end":{"line":90,"column":5}},"20":{"start":{"line":89,"column":4},"end":{"line":89,"column":53}},"21":{"start":{"line":93,"column":24},"end":{"line":127,"column":1}},"22":{"start":{"line":94,"column":2},"end":{"line":94,"column":32}},"23":{"start":{"line":95,"column":2},"end":{"line":95,"column":33}},"24":{"start":{"line":96,"column":2},"end":{"line":96,"column":37}},"25":{"start":{"line":97,"column":2},"end":{"line":97,"column":54}},"26":{"start":{"line":98,"column":2},"end":{"line":103,"column":5}},"27":{"start":{"line":105,"column":2},"end":{"line":107,"column":4}},"28":{"start":{"line":106,"column":14},"end":{"line":106,"column":65}},"29":{"start":{"line":108,"column":2},"end":{"line":108,"column":74}},"30":{"start":{"line":108,"column":51},"end":{"line":108,"column":72}},"31":{"start":{"line":109,"column":2},"end":{"line":109,"column":53}},"32":{"start":{"line":110,"column":2},"end":{"line":110,"column":45}},"33":{"start":{"line":111,"column":2},"end":{"line":111,"column":48}},"34":{"start":{"line":112,"column":2},"end":{"line":112,"column":38}},"35":{"start":{"line":113,"column":2},"end":{"line":120,"column":14}},"36":{"start":{"line":113,"column":44},"end":{"line":120,"column":12}},"37":{"start":{"line":122,"column":2},"end":{"line":122,"column":38}},"38":{"start":{"line":123,"column":2},"end":{"line":126,"column":5}},"39":{"start":{"line":131,"column":2},"end":{"line":131,"column":23}},"40":{"start":{"line":132,"column":2},"end":{"line":132,"column":28}},"41":{"start":{"line":133,"column":2},"end":{"line":133,"column":18}},"42":{"start":{"line":134,"column":2},"end":{"line":134,"column":25}},"43":{"start":{"line":135,"column":2},"end":{"line":135,"column":17}},"44":{"start":{"line":136,"column":2},"end":{"line":136,"column":16}},"45":{"start":{"line":137,"column":2},"end":{"line":137,"column":20}},"46":{"start":{"line":139,"column":2},"end":{"line":139,"column":13}}},"fnMap":{"0":{"name":"(anonymous_0)","decl":{"start":{"line":34,"column":19},"end":{"line":34,"column":20}},"loc":{"start":{"line":34,"column":28},"end":{"line":51,"column":1}},"line":34},"1":{"name":"(anonymous_1)","decl":{"start":{"line":43,"column":17},"end":{"line":43,"column":18}},"loc":{"start":{"line":43,"column":31},"end":{"line":43,"column":52}},"line":43},"2":{"name":"render","decl":{"start":{"line":48,"column":39},"end":{"line":48,"column":45}},"loc":{"start":{"line":48,"column":64},"end":{"line":50,"column":3}},"line":48},"3":{"name":"(anonymous_3)","decl":{"start":{"line":53,"column":26},"end":{"line":53,"column":27}},"loc":{"start":{"line":53,"column":35},"end":{"line":59,"column":1}},"line":53},"4":{"name":"(anonymous_4)","decl":{"start":{"line":61,"column":26},"end":{"line":61,"column":27}},"loc":{"start":{"line":61,"column":38},"end":{"line":71,"column":1}},"line":61},"5":{"name":"(anonymous_5)","decl":{"start":{"line":73,"column":17},"end":{"line":73,"column":18}},"loc":{"start":{"line":73,"column":26},"end":{"line":79,"column":1}},"line":73},"6":{"name":"(anonymous_6)","decl":{"start":{"line":74,"column":28},"end":{"line":74,"column":29}},"loc":{"start":{"line":74,"column":50},"end":{"line":78,"column":3}},"line":74},"7":{"name":"(anonymous_7)","decl":{"start":{"line":76,"column":23},"end":{"line":76,"column":24}},"loc":{"start":{"line":76,"column":29},"end":{"line":76,"column":50}},"line":76},"8":{"name":"(anonymous_8)","decl":{"start":{"line":87,"column":21},"end":{"line":87,"column":22}},"loc":{"start":{"line":87,"column":30},"end":{"line":91,"column":1}},"line":87},"9":{"name":"(anonymous_9)","decl":{"start":{"line":88,"column":22},"end":{"line":88,"column":23}},"loc":{"start":{"line":88,"column":49},"end":{"line":90,"column":3}},"line":88},"10":{"name":"(anonymous_10)","decl":{"start":{"line":93,"column":24},"end":{"line":93,"column":25}},"loc":{"start":{"line":93,"column":33},"end":{"line":127,"column":1}},"line":93},"11":{"name":"(anonymous_11)","decl":{"start":{"line":106,"column":4},"end":{"line":106,"column":5}},"loc":{"start":{"line":106,"column":14},"end":{"line":106,"column":65}},"line":106},"12":{"name":"(anonymous_12)","decl":{"start":{"line":108,"column":41},"end":{"line":108,"column":42}},"loc":{"start":{"line":108,"column":51},"end":{"line":108,"column":72}},"line":108},"13":{"name":"(anonymous_13)","decl":{"start":{"line":113,"column":31},"end":{"line":113,"column":32}},"loc":{"start":{"line":113,"column":44},"end":{"line":120,"column":12}},"line":113},"14":{"name":"(anonymous_14)","decl":{"start":{"line":130,"column":15},"end":{"line":130,"column":16}},"loc":{"start":{"line":130,"column":39},"end":{"line":140,"column":1}},"line":130}},"branchMap":{"0":{"loc":{"start":{"line":31,"column":13},"end":{"line":31,"column":50}},"type":"binary-expr","locations":[{"start":{"line":31,"column":13},"end":{"line":31,"column":33}},{"start":{"line":31,"column":37},"end":{"line":31,"column":50}}],"line":31}},"s":{"0":6,"1":6,"2":6,"3":6,"4":6,"5":38,"6":6,"7":19,"8":6,"9":6,"10":6,"11":6,"12":6,"13":6,"14":6,"15":71,"16":19,"17":6,"18":6,"19":6,"20":0,"21":6,"22":6,"23":6,"24":6,"25":6,"26":6,"27":6,"28":25,"29":6,"30":21,"31":6,"32":6,"33":6,"34":6,"35":6,"36":0,"37":6,"38":6,"39":6,"40":6,"41":6,"42":6,"43":6,"44":6,"45":6,"46":6},"f":{"0":6,"1":38,"2":19,"3":6,"4":6,"5":6,"6":71,"7":19,"8":6,"9":0,"10":6,"11":25,"12":21,"13":0,"14":6},"b":{"0":[6,0]},"_coverageSchema":"1a1c01bbd47fc00a2c39e90264f33305004495a9","hash":"eeb5a1cb51cca76cedaf518c6479c99c4a8c5838"}
,"/home/timyr/backend-project-lvl4/server/helpers/index.js": {"path":"/home/timyr/backend-project-lvl4/server/helpers/index.js","statementMap":{"0":{"start":{"line":6,"column":25},"end":{"line":32,"column":1}},"1":{"start":{"line":8,"column":4},"end":{"line":8,"column":29}},"2":{"start":{"line":11,"column":4},"end":{"line":11,"column":26}},"3":{"start":{"line":15,"column":4},"end":{"line":26,"column":5}},"4":{"start":{"line":19,"column":8},"end":{"line":19,"column":24}},"5":{"start":{"line":21,"column":8},"end":{"line":21,"column":25}},"6":{"start":{"line":23,"column":8},"end":{"line":23,"column":22}},"7":{"start":{"line":25,"column":8},"end":{"line":25,"column":57}},"8":{"start":{"line":29,"column":17},"end":{"line":29,"column":30}},"9":{"start":{"line":30,"column":4},"end":{"line":30,"column":33}}},"fnMap":{"0":{"name":"(anonymous_0)","decl":{"start":{"line":6,"column":15},"end":{"line":6,"column":16}},"loc":{"start":{"line":6,"column":25},"end":{"line":32,"column":1}},"line":6},"1":{"name":"(anonymous_1)","decl":{"start":{"line":7,"column":2},"end":{"line":7,"column":3}},"loc":{"start":{"line":7,"column":14},"end":{"line":9,"column":3}},"line":7},"2":{"name":"(anonymous_2)","decl":{"start":{"line":10,"column":2},"end":{"line":10,"column":3}},"loc":{"start":{"line":10,"column":9},"end":{"line":12,"column":3}},"line":10},"3":{"name":"(anonymous_3)","decl":{"start":{"line":14,"column":2},"end":{"line":14,"column":3}},"loc":{"start":{"line":14,"column":22},"end":{"line":27,"column":3}},"line":14},"4":{"name":"(anonymous_4)","decl":{"start":{"line":28,"column":2},"end":{"line":28,"column":3}},"loc":{"start":{"line":28,"column":18},"end":{"line":31,"column":3}},"line":28}},"branchMap":{"0":{"loc":{"start":{"line":15,"column":4},"end":{"line":26,"column":5}},"type":"switch","locations":[{"start":{"line":18,"column":6},"end":{"line":19,"column":24}},{"start":{"line":20,"column":6},"end":{"line":21,"column":25}},{"start":{"line":22,"column":6},"end":{"line":23,"column":22}},{"start":{"line":24,"column":6},"end":{"line":25,"column":57}}],"line":15}},"s":{"0":6,"1":95,"2":233,"3":14,"4":0,"5":14,"6":0,"7":0,"8":16,"9":16},"f":{"0":6,"1":95,"2":233,"3":14,"4":16},"b":{"0":[0,14,0,0]},"_coverageSchema":"1a1c01bbd47fc00a2c39e90264f33305004495a9","hash":"396b1d8197a1ed5b621bdd312776152c72962fe1"}
,"/home/timyr/backend-project-lvl4/server/lib/secure.cjs": {"path":"/home/timyr/backend-project-lvl4/server/lib/secure.cjs","statementMap":{"0":{"start":{"line":3,"column":15},"end":{"line":3,"column":32}},"1":{"start":{"line":8,"column":0},"end":{"line":10,"column":17}},"2":{"start":{"line":8,"column":28},"end":{"line":10,"column":16}}},"fnMap":{"0":{"name":"(anonymous_0)","decl":{"start":{"line":8,"column":17},"end":{"line":8,"column":18}},"loc":{"start":{"line":8,"column":28},"end":{"line":10,"column":16}},"line":8}},"branchMap":{},"s":{"0":6,"1":6,"2":25},"f":{"0":25},"b":{},"inputSourceMap":null,"_coverageSchema":"1a1c01bbd47fc00a2c39e90264f33305004495a9","hash":"b9f99cde975f25195a1078e3887a7920a8a67d6f"}
,"/home/timyr/backend-project-lvl4/server/lib/passportStrategies/FormStrategy.js": {"path":"/home/timyr/backend-project-lvl4/server/lib/passportStrategies/FormStrategy.js","statementMap":{"0":{"start":{"line":8,"column":4},"end":{"line":8,"column":16}},"1":{"start":{"line":9,"column":4},"end":{"line":9,"column":19}},"2":{"start":{"line":13,"column":4},"end":{"line":15,"column":5}},"3":{"start":{"line":14,"column":6},"end":{"line":14,"column":25}},"4":{"start":{"line":17,"column":18},"end":{"line":17,"column":57}},"5":{"start":{"line":18,"column":21},"end":{"line":18,"column":63}},"6":{"start":{"line":19,"column":23},"end":{"line":19,"column":41}},"7":{"start":{"line":20,"column":17},"end":{"line":20,"column":61}},"8":{"start":{"line":21,"column":4},"end":{"line":23,"column":5}},"9":{"start":{"line":22,"column":6},"end":{"line":22,"column":32}},"10":{"start":{"line":25,"column":4},"end":{"line":25,"column":23}}},"fnMap":{"0":{"name":"(anonymous_0)","decl":{"start":{"line":7,"column":2},"end":{"line":7,"column":3}},"loc":{"start":{"line":7,"column":25},"end":{"line":10,"column":3}},"line":7},"1":{"name":"(anonymous_1)","decl":{"start":{"line":12,"column":2},"end":{"line":12,"column":3}},"loc":{"start":{"line":12,"column":30},"end":{"line":26,"column":3}},"line":12}},"branchMap":{"0":{"loc":{"start":{"line":13,"column":4},"end":{"line":15,"column":5}},"type":"if","locations":[{"start":{"line":13,"column":4},"end":{"line":15,"column":5}},{"start":{},"end":{}}],"line":13},"1":{"loc":{"start":{"line":21,"column":4},"end":{"line":23,"column":5}},"type":"if","locations":[{"start":{"line":21,"column":4},"end":{"line":23,"column":5}},{"start":{},"end":{}}],"line":21},"2":{"loc":{"start":{"line":21,"column":8},"end":{"line":21,"column":45}},"type":"binary-expr","locations":[{"start":{"line":21,"column":8},"end":{"line":21,"column":12}},{"start":{"line":21,"column":16},"end":{"line":21,"column":45}}],"line":21}},"s":{"0":6,"1":6,"2":22,"3":0,"4":22,"5":22,"6":22,"7":22,"8":22,"9":21,"10":1},"f":{"0":6,"1":22},"b":{"0":[0,22],"1":[21,1],"2":[22,21]},"_coverageSchema":"1a1c01bbd47fc00a2c39e90264f33305004495a9","hash":"62b499574eac64b191db7dfe96e10567a09c5ead"}
,"/home/timyr/backend-project-lvl4/server/locales/ru.js": {"path":"/home/timyr/backend-project-lvl4/server/locales/ru.js","statementMap":{},"fnMap":{},"branchMap":{},"s":{},"f":{},"b":{},"_coverageSchema":"1a1c01bbd47fc00a2c39e90264f33305004495a9","hash":"044bee72b67542d4dabd9783d3da9bc208f38998"}
,"/home/timyr/backend-project-lvl4/server/migrations/20200716171734_create_label_table.js": {"path":"/home/timyr/backend-project-lvl4/server/migrations/20200716171734_create_label_table.js","statementMap":{"0":{"start":{"line":3,"column":18},"end":{"line":11,"column":1}},"1":{"start":{"line":4,"column":4},"end":{"line":10,"column":3}},"2":{"start":{"line":5,"column":6},"end":{"line":5,"column":39}},"3":{"start":{"line":6,"column":6},"end":{"line":6,"column":27}},"4":{"start":{"line":7,"column":6},"end":{"line":7,"column":61}},"5":{"start":{"line":8,"column":6},"end":{"line":8,"column":61}},"6":{"start":{"line":13,"column":20},"end":{"line":15,"column":1}},"7":{"start":{"line":14,"column":2},"end":{"line":14,"column":34}}},"fnMap":{"0":{"name":"(anonymous_0)","decl":{"start":{"line":3,"column":18},"end":{"line":3,"column":19}},"loc":{"start":{"line":4,"column":4},"end":{"line":10,"column":3}},"line":4},"1":{"name":"(anonymous_1)","decl":{"start":{"line":4,"column":38},"end":{"line":4,"column":39}},"loc":{"start":{"line":4,"column":49},"end":{"line":9,"column":5}},"line":4},"2":{"name":"(anonymous_2)","decl":{"start":{"line":13,"column":20},"end":{"line":13,"column":21}},"loc":{"start":{"line":13,"column":30},"end":{"line":15,"column":1}},"line":13}},"branchMap":{},"s":{"0":5,"1":5,"2":5,"3":5,"4":5,"5":5,"6":5,"7":0},"f":{"0":5,"1":5,"2":0},"b":{},"_coverageSchema":"1a1c01bbd47fc00a2c39e90264f33305004495a9","hash":"22cc8c366bccd377432f96e01e99c87cf234db46"}
,"/home/timyr/backend-project-lvl4/server/migrations/20200716171734_create_task_labels_table.js": {"path":"/home/timyr/backend-project-lvl4/server/migrations/20200716171734_create_task_labels_table.js","statementMap":{"0":{"start":{"line":3,"column":18},"end":{"line":18,"column":1}},"1":{"start":{"line":4,"column":4},"end":{"line":17,"column":3}},"2":{"start":{"line":5,"column":6},"end":{"line":5,"column":39}},"3":{"start":{"line":6,"column":6},"end":{"line":6,"column":42}},"4":{"start":{"line":7,"column":6},"end":{"line":9,"column":26}},"5":{"start":{"line":10,"column":6},"end":{"line":10,"column":43}},"6":{"start":{"line":11,"column":6},"end":{"line":13,"column":27}},"7":{"start":{"line":14,"column":6},"end":{"line":14,"column":61}},"8":{"start":{"line":15,"column":6},"end":{"line":15,"column":61}},"9":{"start":{"line":20,"column":20},"end":{"line":22,"column":1}},"10":{"start":{"line":21,"column":2},"end":{"line":21,"column":39}}},"fnMap":{"0":{"name":"(anonymous_0)","decl":{"start":{"line":3,"column":18},"end":{"line":3,"column":19}},"loc":{"start":{"line":4,"column":4},"end":{"line":17,"column":3}},"line":4},"1":{"name":"(anonymous_1)","decl":{"start":{"line":4,"column":43},"end":{"line":4,"column":44}},"loc":{"start":{"line":4,"column":54},"end":{"line":16,"column":5}},"line":4},"2":{"name":"(anonymous_2)","decl":{"start":{"line":20,"column":20},"end":{"line":20,"column":21}},"loc":{"start":{"line":20,"column":30},"end":{"line":22,"column":1}},"line":20}},"branchMap":{},"s":{"0":5,"1":5,"2":5,"3":5,"4":5,"5":5,"6":5,"7":5,"8":5,"9":5,"10":0},"f":{"0":5,"1":5,"2":0},"b":{},"_coverageSchema":"1a1c01bbd47fc00a2c39e90264f33305004495a9","hash":"31e32486851fc6338e037d50381f1c9e6abffaa6"}
,"/home/timyr/backend-project-lvl4/server/migrations/20200716171734_create_task_status_table.js": {"path":"/home/timyr/backend-project-lvl4/server/migrations/20200716171734_create_task_status_table.js","statementMap":{"0":{"start":{"line":3,"column":18},"end":{"line":11,"column":1}},"1":{"start":{"line":4,"column":4},"end":{"line":10,"column":3}},"2":{"start":{"line":5,"column":6},"end":{"line":5,"column":39}},"3":{"start":{"line":6,"column":6},"end":{"line":6,"column":27}},"4":{"start":{"line":7,"column":6},"end":{"line":7,"column":61}},"5":{"start":{"line":8,"column":6},"end":{"line":8,"column":61}},"6":{"start":{"line":13,"column":20},"end":{"line":15,"column":1}},"7":{"start":{"line":14,"column":2},"end":{"line":14,"column":41}}},"fnMap":{"0":{"name":"(anonymous_0)","decl":{"start":{"line":3,"column":18},"end":{"line":3,"column":19}},"loc":{"start":{"line":4,"column":4},"end":{"line":10,"column":3}},"line":4},"1":{"name":"(anonymous_1)","decl":{"start":{"line":4,"column":45},"end":{"line":4,"column":46}},"loc":{"start":{"line":4,"column":56},"end":{"line":9,"column":5}},"line":4},"2":{"name":"(anonymous_2)","decl":{"start":{"line":13,"column":20},"end":{"line":13,"column":21}},"loc":{"start":{"line":13,"column":30},"end":{"line":15,"column":1}},"line":13}},"branchMap":{},"s":{"0":5,"1":5,"2":5,"3":5,"4":5,"5":5,"6":5,"7":0},"f":{"0":5,"1":5,"2":0},"b":{},"_coverageSchema":"1a1c01bbd47fc00a2c39e90264f33305004495a9","hash":"8e10d68a87f08b40105a831b8974bd4ae2251df4"}
,"/home/timyr/backend-project-lvl4/server/migrations/20200716171734_create_task_table.js": {"path":"/home/timyr/backend-project-lvl4/server/migrations/20200716171734_create_task_table.js","statementMap":{"0":{"start":{"line":3,"column":18},"end":{"line":24,"column":1}},"1":{"start":{"line":4,"column":4},"end":{"line":23,"column":3}},"2":{"start":{"line":5,"column":6},"end":{"line":5,"column":39}},"3":{"start":{"line":6,"column":6},"end":{"line":6,"column":27}},"4":{"start":{"line":7,"column":6},"end":{"line":7,"column":34}},"5":{"start":{"line":8,"column":6},"end":{"line":8,"column":43}},"6":{"start":{"line":9,"column":6},"end":{"line":11,"column":34}},"7":{"start":{"line":12,"column":6},"end":{"line":12,"column":45}},"8":{"start":{"line":13,"column":6},"end":{"line":15,"column":26}},"9":{"start":{"line":16,"column":6},"end":{"line":16,"column":46}},"10":{"start":{"line":17,"column":6},"end":{"line":19,"column":26}},"11":{"start":{"line":20,"column":6},"end":{"line":20,"column":61}},"12":{"start":{"line":21,"column":6},"end":{"line":21,"column":61}},"13":{"start":{"line":26,"column":20},"end":{"line":28,"column":1}},"14":{"start":{"line":27,"column":2},"end":{"line":27,"column":33}}},"fnMap":{"0":{"name":"(anonymous_0)","decl":{"start":{"line":3,"column":18},"end":{"line":3,"column":19}},"loc":{"start":{"line":4,"column":4},"end":{"line":23,"column":3}},"line":4},"1":{"name":"(anonymous_1)","decl":{"start":{"line":4,"column":37},"end":{"line":4,"column":38}},"loc":{"start":{"line":4,"column":48},"end":{"line":22,"column":5}},"line":4},"2":{"name":"(anonymous_2)","decl":{"start":{"line":26,"column":20},"end":{"line":26,"column":21}},"loc":{"start":{"line":26,"column":30},"end":{"line":28,"column":1}},"line":26}},"branchMap":{},"s":{"0":5,"1":5,"2":5,"3":5,"4":5,"5":5,"6":5,"7":5,"8":5,"9":5,"10":5,"11":5,"12":5,"13":5,"14":0},"f":{"0":5,"1":5,"2":0},"b":{},"_coverageSchema":"1a1c01bbd47fc00a2c39e90264f33305004495a9","hash":"f453ddaf7b85f0cbc7b393ad5595253b39a2767f"}
,"/home/timyr/backend-project-lvl4/server/migrations/20200716171734_create_users_table.js": {"path":"/home/timyr/backend-project-lvl4/server/migrations/20200716171734_create_users_table.js","statementMap":{"0":{"start":{"line":3,"column":18},"end":{"line":14,"column":1}},"1":{"start":{"line":4,"column":2},"end":{"line":13,"column":3}},"2":{"start":{"line":5,"column":4},"end":{"line":5,"column":37}},"3":{"start":{"line":6,"column":4},"end":{"line":6,"column":31}},"4":{"start":{"line":7,"column":4},"end":{"line":7,"column":30}},"5":{"start":{"line":8,"column":4},"end":{"line":8,"column":26}},"6":{"start":{"line":9,"column":4},"end":{"line":9,"column":36}},"7":{"start":{"line":10,"column":4},"end":{"line":10,"column":59}},"8":{"start":{"line":11,"column":4},"end":{"line":11,"column":59}},"9":{"start":{"line":16,"column":20},"end":{"line":18,"column":1}},"10":{"start":{"line":17,"column":2},"end":{"line":17,"column":33}}},"fnMap":{"0":{"name":"(anonymous_0)","decl":{"start":{"line":3,"column":18},"end":{"line":3,"column":19}},"loc":{"start":{"line":4,"column":2},"end":{"line":13,"column":3}},"line":4},"1":{"name":"(anonymous_1)","decl":{"start":{"line":4,"column":35},"end":{"line":4,"column":36}},"loc":{"start":{"line":4,"column":46},"end":{"line":12,"column":3}},"line":4},"2":{"name":"(anonymous_2)","decl":{"start":{"line":16,"column":20},"end":{"line":16,"column":21}},"loc":{"start":{"line":16,"column":30},"end":{"line":18,"column":1}},"line":16}},"branchMap":{},"s":{"0":5,"1":5,"2":5,"3":5,"4":5,"5":5,"6":5,"7":5,"8":5,"9":5,"10":0},"f":{"0":5,"1":5,"2":0},"b":{},"_coverageSchema":"1a1c01bbd47fc00a2c39e90264f33305004495a9","hash":"6602360afc2b0d43c51740ff07f1e785d5b6b0a0"}
,"/home/timyr/backend-project-lvl4/server/models/BaseModel.cjs": {"path":"/home/timyr/backend-project-lvl4/server/models/BaseModel.cjs","statementMap":{"0":{"start":{"line":2,"column":18},"end":{"line":2,"column":38}},"1":{"start":{"line":4,"column":0},"end":{"line":8,"column":2}},"2":{"start":{"line":6,"column":4},"end":{"line":6,"column":23}}},"fnMap":{"0":{"name":"(anonymous_0)","decl":{"start":{"line":5,"column":2},"end":{"line":5,"column":3}},"loc":{"start":{"line":5,"column":26},"end":{"line":7,"column":3}},"line":5}},"branchMap":{},"s":{"0":6,"1":6,"2":4},"f":{"0":4},"b":{},"inputSourceMap":null,"_coverageSchema":"1a1c01bbd47fc00a2c39e90264f33305004495a9","hash":"8ef068f348d0bcf2336ee0ef4a5097c8d13ccb76"}
,"/home/timyr/backend-project-lvl4/server/models/Label.cjs": {"path":"/home/timyr/backend-project-lvl4/server/models/Label.cjs","statementMap":{"0":{"start":{"line":2,"column":24},"end":{"line":2,"column":51}},"1":{"start":{"line":3,"column":18},"end":{"line":3,"column":44}},"2":{"start":{"line":5,"column":15},"end":{"line":5,"column":52}},"3":{"start":{"line":7,"column":0},"end":{"line":22,"column":2}},"4":{"start":{"line":9,"column":4},"end":{"line":9,"column":20}},"5":{"start":{"line":13,"column":4},"end":{"line":20,"column":6}}},"fnMap":{"0":{"name":"(anonymous_0)","decl":{"start":{"line":8,"column":2},"end":{"line":8,"column":3}},"loc":{"start":{"line":8,"column":25},"end":{"line":10,"column":3}},"line":8},"1":{"name":"(anonymous_1)","decl":{"start":{"line":12,"column":2},"end":{"line":12,"column":3}},"loc":{"start":{"line":12,"column":26},"end":{"line":21,"column":3}},"line":12}},"branchMap":{},"s":{"0":6,"1":6,"2":6,"3":6,"4":131,"5":2},"f":{"0":131,"1":2},"b":{},"inputSourceMap":null,"_coverageSchema":"1a1c01bbd47fc00a2c39e90264f33305004495a9","hash":"f2cecce8a7b2b6226d1219ef8a6f940683e5b0ca"}
,"/home/timyr/backend-project-lvl4/server/models/Task.cjs": {"path":"/home/timyr/backend-project-lvl4/server/models/Task.cjs","statementMap":{"0":{"start":{"line":2,"column":24},"end":{"line":2,"column":51}},"1":{"start":{"line":3,"column":18},"end":{"line":3,"column":44}},"2":{"start":{"line":4,"column":13},"end":{"line":4,"column":34}},"3":{"start":{"line":5,"column":19},"end":{"line":5,"column":46}},"4":{"start":{"line":6,"column":14},"end":{"line":6,"column":36}},"5":{"start":{"line":8,"column":15},"end":{"line":8,"column":52}},"6":{"start":{"line":10,"column":0},"end":{"line":70,"column":2}},"7":{"start":{"line":12,"column":4},"end":{"line":12,"column":19}},"8":{"start":{"line":16,"column":4},"end":{"line":27,"column":6}},"9":{"start":{"line":31,"column":4},"end":{"line":68,"column":6}}},"fnMap":{"0":{"name":"(anonymous_0)","decl":{"start":{"line":11,"column":2},"end":{"line":11,"column":3}},"loc":{"start":{"line":11,"column":25},"end":{"line":13,"column":3}},"line":11},"1":{"name":"(anonymous_1)","decl":{"start":{"line":15,"column":2},"end":{"line":15,"column":3}},"loc":{"start":{"line":15,"column":26},"end":{"line":28,"column":3}},"line":15},"2":{"name":"(anonymous_2)","decl":{"start":{"line":30,"column":2},"end":{"line":30,"column":3}},"loc":{"start":{"line":30,"column":32},"end":{"line":69,"column":3}},"line":30}},"branchMap":{},"s":{"0":6,"1":6,"2":6,"3":6,"4":6,"5":6,"6":6,"7":162,"8":1,"9":1},"f":{"0":162,"1":1,"2":1},"b":{},"inputSourceMap":null,"_coverageSchema":"1a1c01bbd47fc00a2c39e90264f33305004495a9","hash":"dd8771d9b7c31f61d6f2fb8196c33c147c1eb3bc"}
,"/home/timyr/backend-project-lvl4/server/models/TaskLabels.cjs": {"path":"/home/timyr/backend-project-lvl4/server/models/TaskLabels.cjs","statementMap":{"0":{"start":{"line":2,"column":24},"end":{"line":2,"column":51}},"1":{"start":{"line":3,"column":18},"end":{"line":3,"column":44}},"2":{"start":{"line":5,"column":15},"end":{"line":5,"column":50}},"3":{"start":{"line":7,"column":0},"end":{"line":23,"column":2}},"4":{"start":{"line":9,"column":4},"end":{"line":9,"column":25}},"5":{"start":{"line":13,"column":4},"end":{"line":21,"column":6}}},"fnMap":{"0":{"name":"(anonymous_0)","decl":{"start":{"line":8,"column":2},"end":{"line":8,"column":3}},"loc":{"start":{"line":8,"column":25},"end":{"line":10,"column":3}},"line":8},"1":{"name":"(anonymous_1)","decl":{"start":{"line":12,"column":2},"end":{"line":12,"column":3}},"loc":{"start":{"line":12,"column":26},"end":{"line":22,"column":3}},"line":12}},"branchMap":{},"s":{"0":6,"1":6,"2":6,"3":6,"4":26,"5":1},"f":{"0":26,"1":1},"b":{},"inputSourceMap":null,"_coverageSchema":"1a1c01bbd47fc00a2c39e90264f33305004495a9","hash":"e9ef37887ab56b3d880aa0134bf5a87f7537da6c"}
,"/home/timyr/backend-project-lvl4/server/models/TaskStatus.cjs": {"path":"/home/timyr/backend-project-lvl4/server/models/TaskStatus.cjs","statementMap":{"0":{"start":{"line":2,"column":24},"end":{"line":2,"column":51}},"1":{"start":{"line":3,"column":18},"end":{"line":3,"column":44}},"2":{"start":{"line":5,"column":15},"end":{"line":5,"column":52}},"3":{"start":{"line":7,"column":0},"end":{"line":22,"column":2}},"4":{"start":{"line":9,"column":4},"end":{"line":9,"column":27}},"5":{"start":{"line":13,"column":4},"end":{"line":20,"column":6}}},"fnMap":{"0":{"name":"(anonymous_0)","decl":{"start":{"line":8,"column":2},"end":{"line":8,"column":3}},"loc":{"start":{"line":8,"column":25},"end":{"line":10,"column":3}},"line":8},"1":{"name":"(anonymous_1)","decl":{"start":{"line":12,"column":2},"end":{"line":12,"column":3}},"loc":{"start":{"line":12,"column":26},"end":{"line":21,"column":3}},"line":12}},"branchMap":{},"s":{"0":6,"1":6,"2":6,"3":6,"4":125,"5":2},"f":{"0":125,"1":2},"b":{},"inputSourceMap":null,"_coverageSchema":"1a1c01bbd47fc00a2c39e90264f33305004495a9","hash":"bc62305c4877df6bca8cac8e79709c19202b778c"}
,"/home/timyr/backend-project-lvl4/server/models/User.cjs": {"path":"/home/timyr/backend-project-lvl4/server/models/User.cjs","statementMap":{"0":{"start":{"line":2,"column":24},"end":{"line":2,"column":51}},"1":{"start":{"line":3,"column":18},"end":{"line":3,"column":44}},"2":{"start":{"line":4,"column":16},"end":{"line":4,"column":44}},"3":{"start":{"line":6,"column":15},"end":{"line":6,"column":53}},"4":{"start":{"line":8,"column":0},"end":{"line":34,"column":2}},"5":{"start":{"line":10,"column":4},"end":{"line":10,"column":19}},"6":{"start":{"line":14,"column":4},"end":{"line":24,"column":6}},"7":{"start":{"line":28,"column":4},"end":{"line":28,"column":41}},"8":{"start":{"line":32,"column":4},"end":{"line":32,"column":53}}},"fnMap":{"0":{"name":"(anonymous_0)","decl":{"start":{"line":9,"column":2},"end":{"line":9,"column":3}},"loc":{"start":{"line":9,"column":25},"end":{"line":11,"column":3}},"line":9},"1":{"name":"(anonymous_1)","decl":{"start":{"line":13,"column":2},"end":{"line":13,"column":3}},"loc":{"start":{"line":13,"column":26},"end":{"line":25,"column":3}},"line":13},"2":{"name":"(anonymous_2)","decl":{"start":{"line":27,"column":2},"end":{"line":27,"column":3}},"loc":{"start":{"line":27,"column":22},"end":{"line":29,"column":3}},"line":27},"3":{"name":"(anonymous_3)","decl":{"start":{"line":31,"column":2},"end":{"line":31,"column":3}},"loc":{"start":{"line":31,"column":27},"end":{"line":33,"column":3}},"line":31}},"branchMap":{},"s":{"0":6,"1":6,"2":6,"3":6,"4":6,"5":390,"6":5,"7":3,"8":21},"f":{"0":390,"1":5,"2":3,"3":21},"b":{},"inputSourceMap":null,"_coverageSchema":"1a1c01bbd47fc00a2c39e90264f33305004495a9","hash":"bfe591b16ceb096b3dab2289bf41cee02fbe3d88"}
,"/home/timyr/backend-project-lvl4/server/models/index.js": {"path":"/home/timyr/backend-project-lvl4/server/models/index.js","statementMap":{},"fnMap":{},"branchMap":{},"s":{},"f":{},"b":{},"_coverageSchema":"1a1c01bbd47fc00a2c39e90264f33305004495a9","hash":"7e9ed688fab5383eef05346d220dc0ed4d4a29bb"}
,"/home/timyr/backend-project-lvl4/server/routes/index.js": {"path":"/home/timyr/backend-project-lvl4/server/routes/index.js","statementMap":{"0":{"start":{"line":10,"column":20},"end":{"line":17,"column":1}},"1":{"start":{"line":19,"column":24},"end":{"line":19,"column":58}},"2":{"start":{"line":19,"column":51},"end":{"line":19,"column":57}}},"fnMap":{"0":{"name":"(anonymous_0)","decl":{"start":{"line":19,"column":15},"end":{"line":19,"column":16}},"loc":{"start":{"line":19,"column":24},"end":{"line":19,"column":58}},"line":19},"1":{"name":"(anonymous_1)","decl":{"start":{"line":19,"column":44},"end":{"line":19,"column":45}},"loc":{"start":{"line":19,"column":51},"end":{"line":19,"column":57}},"line":19}},"branchMap":{},"s":{"0":6,"1":6,"2":36},"f":{"0":6,"1":36},"b":{},"_coverageSchema":"1a1c01bbd47fc00a2c39e90264f33305004495a9","hash":"127482e9c34615782d3aa973ac904e4e6c29c4d8"}
,"/home/timyr/backend-project-lvl4/server/routes/labels.js": {"path":"/home/timyr/backend-project-lvl4/server/routes/labels.js","statementMap":{"0":{"start":{"line":6,"column":2},"end":{"line":86,"column":7}},"1":{"start":{"line":8,"column":6},"end":{"line":12,"column":7}},"2":{"start":{"line":9,"column":8},"end":{"line":9,"column":57}},"3":{"start":{"line":10,"column":8},"end":{"line":10,"column":44}},"4":{"start":{"line":11,"column":8},"end":{"line":11,"column":21}},"5":{"start":{"line":13,"column":21},"end":{"line":13,"column":61}},"6":{"start":{"line":14,"column":6},"end":{"line":14,"column":47}},"7":{"start":{"line":15,"column":6},"end":{"line":15,"column":19}},"8":{"start":{"line":19,"column":6},"end":{"line":23,"column":7}},"9":{"start":{"line":20,"column":8},"end":{"line":20,"column":57}},"10":{"start":{"line":21,"column":8},"end":{"line":21,"column":44}},"11":{"start":{"line":22,"column":8},"end":{"line":22,"column":21}},"12":{"start":{"line":24,"column":6},"end":{"line":24,"column":33}},"13":{"start":{"line":25,"column":6},"end":{"line":25,"column":19}},"14":{"start":{"line":29,"column":20},"end":{"line":29,"column":84}},"15":{"start":{"line":30,"column":6},"end":{"line":34,"column":7}},"16":{"start":{"line":31,"column":8},"end":{"line":31,"column":57}},"17":{"start":{"line":32,"column":8},"end":{"line":32,"column":44}},"18":{"start":{"line":33,"column":8},"end":{"line":33,"column":21}},"19":{"start":{"line":35,"column":6},"end":{"line":35,"column":46}},"20":{"start":{"line":36,"column":6},"end":{"line":36,"column":19}},"21":{"start":{"line":40,"column":20},"end":{"line":40,"column":52}},"22":{"start":{"line":41,"column":6},"end":{"line":41,"column":32}},"23":{"start":{"line":43,"column":6},"end":{"line":51,"column":7}},"24":{"start":{"line":44,"column":27},"end":{"line":44,"column":83}},"25":{"start":{"line":45,"column":8},"end":{"line":45,"column":68}},"26":{"start":{"line":46,"column":8},"end":{"line":46,"column":68}},"27":{"start":{"line":47,"column":8},"end":{"line":47,"column":46}},"28":{"start":{"line":49,"column":8},"end":{"line":49,"column":67}},"29":{"start":{"line":50,"column":8},"end":{"line":50,"column":60}},"30":{"start":{"line":53,"column":6},"end":{"line":53,"column":19}},"31":{"start":{"line":57,"column":21},"end":{"line":57,"column":31}},"32":{"start":{"line":58,"column":20},"end":{"line":58,"column":73}},"33":{"start":{"line":59,"column":6},"end":{"line":66,"column":7}},"34":{"start":{"line":60,"column":8},"end":{"line":60,"column":51}},"35":{"start":{"line":61,"column":8},"end":{"line":61,"column":68}},"36":{"start":{"line":62,"column":8},"end":{"line":62,"column":46}},"37":{"start":{"line":64,"column":8},"end":{"line":64,"column":67}},"38":{"start":{"line":65,"column":8},"end":{"line":65,"column":65}},"39":{"start":{"line":70,"column":6},"end":{"line":74,"column":7}},"40":{"start":{"line":71,"column":8},"end":{"line":71,"column":57}},"41":{"start":{"line":72,"column":8},"end":{"line":72,"column":44}},"42":{"start":{"line":73,"column":8},"end":{"line":73,"column":21}},"43":{"start":{"line":75,"column":26},"end":{"line":76,"column":40}},"44":{"start":{"line":77,"column":6},"end":{"line":81,"column":7}},"45":{"start":{"line":78,"column":8},"end":{"line":78,"column":67}},"46":{"start":{"line":79,"column":8},"end":{"line":79,"column":46}},"47":{"start":{"line":80,"column":8},"end":{"line":80,"column":21}},"48":{"start":{"line":82,"column":6},"end":{"line":82,"column":73}},"49":{"start":{"line":83,"column":6},"end":{"line":83,"column":66}},"50":{"start":{"line":84,"column":6},"end":{"line":84,"column":32}},"51":{"start":{"line":85,"column":6},"end":{"line":85,"column":19}}},"fnMap":{"0":{"name":"(anonymous_0)","decl":{"start":{"line":5,"column":15},"end":{"line":5,"column":16}},"loc":{"start":{"line":5,"column":24},"end":{"line":87,"column":1}},"line":5},"1":{"name":"(anonymous_1)","decl":{"start":{"line":7,"column":40},"end":{"line":7,"column":41}},"loc":{"start":{"line":7,"column":62},"end":{"line":16,"column":5}},"line":7},"2":{"name":"(anonymous_2)","decl":{"start":{"line":18,"column":46},"end":{"line":18,"column":47}},"loc":{"start":{"line":18,"column":68},"end":{"line":26,"column":5}},"line":18},"3":{"name":"(anonymous_3)","decl":{"start":{"line":28,"column":29},"end":{"line":28,"column":30}},"loc":{"start":{"line":28,"column":51},"end":{"line":37,"column":5}},"line":28},"4":{"name":"(anonymous_4)","decl":{"start":{"line":39,"column":21},"end":{"line":39,"column":22}},"loc":{"start":{"line":39,"column":43},"end":{"line":54,"column":5}},"line":39},"5":{"name":"(anonymous_5)","decl":{"start":{"line":56,"column":25},"end":{"line":56,"column":26}},"loc":{"start":{"line":56,"column":47},"end":{"line":67,"column":5}},"line":56},"6":{"name":"(anonymous_6)","decl":{"start":{"line":69,"column":27},"end":{"line":69,"column":28}},"loc":{"start":{"line":69,"column":49},"end":{"line":86,"column":5}},"line":69}},"branchMap":{"0":{"loc":{"start":{"line":8,"column":6},"end":{"line":12,"column":7}},"type":"if","locations":[{"start":{"line":8,"column":6},"end":{"line":12,"column":7}},{"start":{},"end":{}}],"line":8},"1":{"loc":{"start":{"line":19,"column":6},"end":{"line":23,"column":7}},"type":"if","locations":[{"start":{"line":19,"column":6},"end":{"line":23,"column":7}},{"start":{},"end":{}}],"line":19},"2":{"loc":{"start":{"line":30,"column":6},"end":{"line":34,"column":7}},"type":"if","locations":[{"start":{"line":30,"column":6},"end":{"line":34,"column":7}},{"start":{},"end":{}}],"line":30},"3":{"loc":{"start":{"line":70,"column":6},"end":{"line":74,"column":7}},"type":"if","locations":[{"start":{"line":70,"column":6},"end":{"line":74,"column":7}},{"start":{},"end":{}}],"line":70},"4":{"loc":{"start":{"line":77,"column":6},"end":{"line":81,"column":7}},"type":"if","locations":[{"start":{"line":77,"column":6},"end":{"line":81,"column":7}},{"start":{},"end":{}}],"line":77}},"s":{"0":6,"1":2,"2":1,"3":1,"4":1,"5":1,"6":1,"7":1,"8":2,"9":1,"10":1,"11":1,"12":1,"13":1,"14":2,"15":2,"16":1,"17":1,"18":1,"19":1,"20":1,"21":1,"22":1,"23":1,"24":1,"25":1,"26":1,"27":1,"28":0,"29":0,"30":1,"31":1,"32":1,"33":1,"34":1,"35":1,"36":1,"37":0,"38":0,"39":2,"40":1,"41":1,"42":1,"43":1,"44":1,"45":0,"46":0,"47":0,"48":1,"49":1,"50":1,"51":1},"f":{"0":6,"1":2,"2":2,"3":2,"4":1,"5":1,"6":2},"b":{"0":[1,1],"1":[1,1],"2":[1,1],"3":[1,1],"4":[0,1]},"_coverageSchema":"1a1c01bbd47fc00a2c39e90264f33305004495a9","hash":"50d98d3c5bf7d99fce7294c3d179c6d4d767f094"}
,"/home/timyr/backend-project-lvl4/server/routes/session.js": {"path":"/home/timyr/backend-project-lvl4/server/routes/session.js","statementMap":{"0":{"start":{"line":6,"column":2},"end":{"line":32,"column":7}},"1":{"start":{"line":8,"column":25},"end":{"line":8,"column":27}},"2":{"start":{"line":9,"column":6},"end":{"line":9,"column":50}},"3":{"start":{"line":13,"column":6},"end":{"line":15,"column":7}},"4":{"start":{"line":14,"column":8},"end":{"line":14,"column":55}},"5":{"start":{"line":16,"column":6},"end":{"line":22,"column":7}},"6":{"start":{"line":17,"column":27},"end":{"line":17,"column":40}},"7":{"start":{"line":18,"column":23},"end":{"line":20,"column":9}},"8":{"start":{"line":21,"column":8},"end":{"line":21,"column":67}},"9":{"start":{"line":23,"column":6},"end":{"line":23,"column":28}},"10":{"start":{"line":24,"column":6},"end":{"line":24,"column":70}},"11":{"start":{"line":25,"column":6},"end":{"line":25,"column":49}},"12":{"start":{"line":29,"column":6},"end":{"line":29,"column":19}},"13":{"start":{"line":30,"column":6},"end":{"line":30,"column":67}},"14":{"start":{"line":31,"column":6},"end":{"line":31,"column":42}}},"fnMap":{"0":{"name":"(anonymous_0)","decl":{"start":{"line":5,"column":15},"end":{"line":5,"column":16}},"loc":{"start":{"line":5,"column":24},"end":{"line":33,"column":1}},"line":5},"1":{"name":"(anonymous_1)","decl":{"start":{"line":7,"column":49},"end":{"line":7,"column":50}},"loc":{"start":{"line":7,"column":65},"end":{"line":10,"column":5}},"line":7},"2":{"name":"(anonymous_2)","decl":{"start":{"line":12,"column":71},"end":{"line":12,"column":72}},"loc":{"start":{"line":12,"column":104},"end":{"line":26,"column":5}},"line":12},"3":{"name":"(anonymous_3)","decl":{"start":{"line":28,"column":24},"end":{"line":28,"column":25}},"loc":{"start":{"line":28,"column":40},"end":{"line":32,"column":5}},"line":28}},"branchMap":{"0":{"loc":{"start":{"line":13,"column":6},"end":{"line":15,"column":7}},"type":"if","locations":[{"start":{"line":13,"column":6},"end":{"line":15,"column":7}},{"start":{},"end":{}}],"line":13},"1":{"loc":{"start":{"line":16,"column":6},"end":{"line":22,"column":7}},"type":"if","locations":[{"start":{"line":16,"column":6},"end":{"line":22,"column":7}},{"start":{},"end":{}}],"line":16}},"s":{"0":6,"1":1,"2":1,"3":22,"4":0,"5":22,"6":1,"7":1,"8":1,"9":21,"10":21,"11":21,"12":1,"13":1,"14":1},"f":{"0":6,"1":1,"2":22,"3":1},"b":{"0":[0,22],"1":[1,21]},"_coverageSchema":"1a1c01bbd47fc00a2c39e90264f33305004495a9","hash":"0574778022d6e3ad1333a30e4812a2d5fbc59cba"}
,"/home/timyr/backend-project-lvl4/server/routes/statuses.js": {"path":"/home/timyr/backend-project-lvl4/server/routes/statuses.js","statementMap":{"0":{"start":{"line":6,"column":2},"end":{"line":85,"column":7}},"1":{"start":{"line":8,"column":6},"end":{"line":12,"column":7}},"2":{"start":{"line":9,"column":8},"end":{"line":9,"column":57}},"3":{"start":{"line":10,"column":8},"end":{"line":10,"column":44}},"4":{"start":{"line":11,"column":8},"end":{"line":11,"column":21}},"5":{"start":{"line":13,"column":27},"end":{"line":13,"column":72}},"6":{"start":{"line":14,"column":6},"end":{"line":14,"column":55}},"7":{"start":{"line":15,"column":6},"end":{"line":15,"column":19}},"8":{"start":{"line":19,"column":6},"end":{"line":23,"column":7}},"9":{"start":{"line":20,"column":8},"end":{"line":20,"column":57}},"10":{"start":{"line":21,"column":8},"end":{"line":21,"column":44}},"11":{"start":{"line":22,"column":8},"end":{"line":22,"column":21}},"12":{"start":{"line":24,"column":6},"end":{"line":24,"column":35}},"13":{"start":{"line":25,"column":6},"end":{"line":25,"column":19}},"14":{"start":{"line":29,"column":21},"end":{"line":29,"column":90}},"15":{"start":{"line":30,"column":6},"end":{"line":34,"column":7}},"16":{"start":{"line":31,"column":8},"end":{"line":31,"column":57}},"17":{"start":{"line":32,"column":8},"end":{"line":32,"column":44}},"18":{"start":{"line":33,"column":8},"end":{"line":33,"column":21}},"19":{"start":{"line":35,"column":6},"end":{"line":35,"column":49}},"20":{"start":{"line":36,"column":6},"end":{"line":36,"column":19}},"21":{"start":{"line":40,"column":21},"end":{"line":40,"column":58}},"22":{"start":{"line":41,"column":6},"end":{"line":41,"column":33}},"23":{"start":{"line":43,"column":6},"end":{"line":51,"column":7}},"24":{"start":{"line":44,"column":28},"end":{"line":44,"column":89}},"25":{"start":{"line":45,"column":8},"end":{"line":45,"column":74}},"26":{"start":{"line":46,"column":8},"end":{"line":46,"column":70}},"27":{"start":{"line":47,"column":8},"end":{"line":47,"column":48}},"28":{"start":{"line":49,"column":8},"end":{"line":49,"column":69}},"29":{"start":{"line":50,"column":8},"end":{"line":50,"column":63}},"30":{"start":{"line":53,"column":6},"end":{"line":53,"column":19}},"31":{"start":{"line":57,"column":21},"end":{"line":57,"column":31}},"32":{"start":{"line":58,"column":21},"end":{"line":58,"column":79}},"33":{"start":{"line":59,"column":6},"end":{"line":66,"column":7}},"34":{"start":{"line":60,"column":8},"end":{"line":60,"column":52}},"35":{"start":{"line":61,"column":8},"end":{"line":61,"column":70}},"36":{"start":{"line":62,"column":8},"end":{"line":62,"column":48}},"37":{"start":{"line":64,"column":8},"end":{"line":64,"column":69}},"38":{"start":{"line":65,"column":8},"end":{"line":65,"column":67}},"39":{"start":{"line":70,"column":6},"end":{"line":74,"column":7}},"40":{"start":{"line":71,"column":8},"end":{"line":71,"column":57}},"41":{"start":{"line":72,"column":8},"end":{"line":72,"column":44}},"42":{"start":{"line":73,"column":8},"end":{"line":73,"column":21}},"43":{"start":{"line":75,"column":27},"end":{"line":75,"column":99}},"44":{"start":{"line":76,"column":6},"end":{"line":80,"column":7}},"45":{"start":{"line":77,"column":8},"end":{"line":77,"column":69}},"46":{"start":{"line":78,"column":8},"end":{"line":78,"column":48}},"47":{"start":{"line":79,"column":8},"end":{"line":79,"column":21}},"48":{"start":{"line":81,"column":6},"end":{"line":81,"column":78}},"49":{"start":{"line":82,"column":6},"end":{"line":82,"column":68}},"50":{"start":{"line":83,"column":6},"end":{"line":83,"column":34}},"51":{"start":{"line":84,"column":6},"end":{"line":84,"column":19}}},"fnMap":{"0":{"name":"(anonymous_0)","decl":{"start":{"line":5,"column":15},"end":{"line":5,"column":16}},"loc":{"start":{"line":5,"column":24},"end":{"line":86,"column":1}},"line":5},"1":{"name":"(anonymous_1)","decl":{"start":{"line":7,"column":44},"end":{"line":7,"column":45}},"loc":{"start":{"line":7,"column":66},"end":{"line":16,"column":5}},"line":7},"2":{"name":"(anonymous_2)","decl":{"start":{"line":18,"column":49},"end":{"line":18,"column":50}},"loc":{"start":{"line":18,"column":71},"end":{"line":26,"column":5}},"line":18},"3":{"name":"(anonymous_3)","decl":{"start":{"line":28,"column":31},"end":{"line":28,"column":32}},"loc":{"start":{"line":28,"column":53},"end":{"line":37,"column":5}},"line":28},"4":{"name":"(anonymous_4)","decl":{"start":{"line":39,"column":49},"end":{"line":39,"column":50}},"loc":{"start":{"line":39,"column":71},"end":{"line":54,"column":5}},"line":39},"5":{"name":"(anonymous_5)","decl":{"start":{"line":56,"column":27},"end":{"line":56,"column":28}},"loc":{"start":{"line":56,"column":49},"end":{"line":67,"column":5}},"line":56},"6":{"name":"(anonymous_6)","decl":{"start":{"line":69,"column":29},"end":{"line":69,"column":30}},"loc":{"start":{"line":69,"column":51},"end":{"line":85,"column":5}},"line":69}},"branchMap":{"0":{"loc":{"start":{"line":8,"column":6},"end":{"line":12,"column":7}},"type":"if","locations":[{"start":{"line":8,"column":6},"end":{"line":12,"column":7}},{"start":{},"end":{}}],"line":8},"1":{"loc":{"start":{"line":19,"column":6},"end":{"line":23,"column":7}},"type":"if","locations":[{"start":{"line":19,"column":6},"end":{"line":23,"column":7}},{"start":{},"end":{}}],"line":19},"2":{"loc":{"start":{"line":30,"column":6},"end":{"line":34,"column":7}},"type":"if","locations":[{"start":{"line":30,"column":6},"end":{"line":34,"column":7}},{"start":{},"end":{}}],"line":30},"3":{"loc":{"start":{"line":70,"column":6},"end":{"line":74,"column":7}},"type":"if","locations":[{"start":{"line":70,"column":6},"end":{"line":74,"column":7}},{"start":{},"end":{}}],"line":70},"4":{"loc":{"start":{"line":76,"column":6},"end":{"line":80,"column":7}},"type":"if","locations":[{"start":{"line":76,"column":6},"end":{"line":80,"column":7}},{"start":{},"end":{}}],"line":76}},"s":{"0":6,"1":2,"2":1,"3":1,"4":1,"5":1,"6":1,"7":1,"8":2,"9":1,"10":1,"11":1,"12":1,"13":1,"14":2,"15":2,"16":1,"17":1,"18":1,"19":1,"20":1,"21":1,"22":1,"23":1,"24":1,"25":1,"26":1,"27":1,"28":0,"29":0,"30":1,"31":1,"32":1,"33":1,"34":1,"35":0,"36":0,"37":1,"38":1,"39":2,"40":1,"41":1,"42":1,"43":1,"44":1,"45":0,"46":0,"47":0,"48":1,"49":1,"50":1,"51":1},"f":{"0":6,"1":2,"2":2,"3":2,"4":1,"5":1,"6":2},"b":{"0":[1,1],"1":[1,1],"2":[1,1],"3":[1,1],"4":[0,1]},"_coverageSchema":"1a1c01bbd47fc00a2c39e90264f33305004495a9","hash":"61185436d43733ed02eaa00fa3c581de1361080e"}
,"/home/timyr/backend-project-lvl4/server/routes/tasks.js": {"path":"/home/timyr/backend-project-lvl4/server/routes/tasks.js","statementMap":{"0":{"start":{"line":6,"column":2},"end":{"line":209,"column":7}},"1":{"start":{"line":8,"column":6},"end":{"line":12,"column":7}},"2":{"start":{"line":9,"column":8},"end":{"line":9,"column":57}},"3":{"start":{"line":10,"column":8},"end":{"line":10,"column":44}},"4":{"start":{"line":11,"column":8},"end":{"line":11,"column":21}},"5":{"start":{"line":13,"column":22},"end":{"line":18,"column":7}},"6":{"start":{"line":19,"column":20},"end":{"line":39,"column":10}},"7":{"start":{"line":23,"column":10},"end":{"line":26,"column":11}},"8":{"start":{"line":24,"column":12},"end":{"line":24,"column":56}},"9":{"start":{"line":25,"column":12},"end":{"line":25,"column":50}},"10":{"start":{"line":27,"column":10},"end":{"line":30,"column":11}},"11":{"start":{"line":28,"column":12},"end":{"line":28,"column":58}},"12":{"start":{"line":29,"column":12},"end":{"line":29,"column":54}},"13":{"start":{"line":31,"column":10},"end":{"line":34,"column":11}},"14":{"start":{"line":32,"column":12},"end":{"line":32,"column":54}},"15":{"start":{"line":33,"column":12},"end":{"line":33,"column":50}},"16":{"start":{"line":35,"column":10},"end":{"line":38,"column":11}},"17":{"start":{"line":36,"column":12},"end":{"line":36,"column":50}},"18":{"start":{"line":37,"column":12},"end":{"line":37,"column":41}},"19":{"start":{"line":40,"column":20},"end":{"line":40,"column":59}},"20":{"start":{"line":41,"column":23},"end":{"line":41,"column":68}},"21":{"start":{"line":42,"column":21},"end":{"line":42,"column":61}},"22":{"start":{"line":43,"column":6},"end":{"line":45,"column":9}},"23":{"start":{"line":46,"column":6},"end":{"line":46,"column":19}},"24":{"start":{"line":50,"column":6},"end":{"line":54,"column":7}},"25":{"start":{"line":51,"column":8},"end":{"line":51,"column":57}},"26":{"start":{"line":52,"column":8},"end":{"line":52,"column":44}},"27":{"start":{"line":53,"column":8},"end":{"line":53,"column":21}},"28":{"start":{"line":55,"column":23},"end":{"line":55,"column":68}},"29":{"start":{"line":56,"column":20},"end":{"line":56,"column":59}},"30":{"start":{"line":57,"column":21},"end":{"line":57,"column":61}},"31":{"start":{"line":58,"column":6},"end":{"line":58,"column":61}},"32":{"start":{"line":59,"column":6},"end":{"line":59,"column":19}},"33":{"start":{"line":63,"column":6},"end":{"line":67,"column":7}},"34":{"start":{"line":64,"column":8},"end":{"line":64,"column":57}},"35":{"start":{"line":65,"column":8},"end":{"line":65,"column":44}},"36":{"start":{"line":66,"column":8},"end":{"line":66,"column":21}},"37":{"start":{"line":68,"column":19},"end":{"line":77,"column":32}},"38":{"start":{"line":78,"column":21},"end":{"line":78,"column":55}},"39":{"start":{"line":79,"column":6},"end":{"line":79,"column":51}},"40":{"start":{"line":80,"column":6},"end":{"line":80,"column":19}},"41":{"start":{"line":84,"column":6},"end":{"line":88,"column":7}},"42":{"start":{"line":85,"column":8},"end":{"line":85,"column":57}},"43":{"start":{"line":86,"column":8},"end":{"line":86,"column":44}},"44":{"start":{"line":87,"column":8},"end":{"line":87,"column":21}},"45":{"start":{"line":89,"column":19},"end":{"line":96,"column":32}},"46":{"start":{"line":97,"column":23},"end":{"line":97,"column":68}},"47":{"start":{"line":98,"column":20},"end":{"line":98,"column":59}},"48":{"start":{"line":99,"column":21},"end":{"line":99,"column":61}},"49":{"start":{"line":100,"column":28},"end":{"line":100,"column":62}},"50":{"start":{"line":101,"column":25},"end":{"line":101,"column":65}},"51":{"start":{"line":101,"column":54},"end":{"line":101,"column":64}},"52":{"start":{"line":102,"column":6},"end":{"line":104,"column":9}},"53":{"start":{"line":105,"column":6},"end":{"line":105,"column":19}},"54":{"start":{"line":109,"column":23},"end":{"line":109,"column":26}},"55":{"start":{"line":110,"column":6},"end":{"line":110,"column":40}},"56":{"start":{"line":111,"column":6},"end":{"line":111,"column":62}},"57":{"start":{"line":112,"column":6},"end":{"line":112,"column":66}},"58":{"start":{"line":115,"column":10},"end":{"line":115,"column":23}},"59":{"start":{"line":116,"column":19},"end":{"line":116,"column":50}},"60":{"start":{"line":117,"column":20},"end":{"line":117,"column":59}},"61":{"start":{"line":118,"column":23},"end":{"line":118,"column":68}},"62":{"start":{"line":119,"column":21},"end":{"line":119,"column":61}},"63":{"start":{"line":120,"column":6},"end":{"line":122,"column":9}},"64":{"start":{"line":124,"column":6},"end":{"line":146,"column":7}},"65":{"start":{"line":125,"column":26},"end":{"line":127,"column":10}},"66":{"start":{"line":128,"column":8},"end":{"line":138,"column":11}},"67":{"start":{"line":129,"column":10},"end":{"line":129,"column":71}},"68":{"start":{"line":130,"column":30},"end":{"line":130,"column":89}},"69":{"start":{"line":131,"column":25},"end":{"line":131,"column":42}},"70":{"start":{"line":132,"column":25},"end":{"line":135,"column":12}},"71":{"start":{"line":133,"column":28},"end":{"line":133,"column":41}},"72":{"start":{"line":134,"column":12},"end":{"line":134,"column":89}},"73":{"start":{"line":136,"column":25},"end":{"line":136,"column":44}},"74":{"start":{"line":137,"column":10},"end":{"line":137,"column":24}},"75":{"start":{"line":139,"column":8},"end":{"line":139,"column":67}},"76":{"start":{"line":140,"column":8},"end":{"line":140,"column":45}},"77":{"start":{"line":142,"column":8},"end":{"line":142,"column":66}},"78":{"start":{"line":143,"column":8},"end":{"line":145,"column":11}},"79":{"start":{"line":147,"column":6},"end":{"line":147,"column":19}},"80":{"start":{"line":151,"column":21},"end":{"line":151,"column":31}},"81":{"start":{"line":152,"column":6},"end":{"line":152,"column":62}},"82":{"start":{"line":153,"column":6},"end":{"line":153,"column":66}},"83":{"start":{"line":156,"column":10},"end":{"line":156,"column":23}},"84":{"start":{"line":157,"column":19},"end":{"line":157,"column":82}},"85":{"start":{"line":158,"column":6},"end":{"line":179,"column":7}},"86":{"start":{"line":159,"column":8},"end":{"line":173,"column":11}},"87":{"start":{"line":160,"column":10},"end":{"line":162,"column":13}},"88":{"start":{"line":163,"column":10},"end":{"line":165,"column":34}},"89":{"start":{"line":166,"column":25},"end":{"line":170,"column":12}},"90":{"start":{"line":167,"column":28},"end":{"line":167,"column":41}},"91":{"start":{"line":168,"column":12},"end":{"line":169,"column":55}},"92":{"start":{"line":171,"column":25},"end":{"line":171,"column":44}},"93":{"start":{"line":172,"column":10},"end":{"line":172,"column":24}},"94":{"start":{"line":174,"column":8},"end":{"line":174,"column":67}},"95":{"start":{"line":175,"column":8},"end":{"line":175,"column":45}},"96":{"start":{"line":177,"column":8},"end":{"line":177,"column":66}},"97":{"start":{"line":178,"column":8},"end":{"line":178,"column":64}},"98":{"start":{"line":183,"column":6},"end":{"line":187,"column":7}},"99":{"start":{"line":184,"column":8},"end":{"line":184,"column":57}},"100":{"start":{"line":185,"column":8},"end":{"line":185,"column":44}},"101":{"start":{"line":186,"column":8},"end":{"line":186,"column":21}},"102":{"start":{"line":188,"column":19},"end":{"line":188,"column":82}},"103":{"start":{"line":189,"column":22},"end":{"line":189,"column":57}},"104":{"start":{"line":190,"column":6},"end":{"line":194,"column":7}},"105":{"start":{"line":191,"column":8},"end":{"line":191,"column":66}},"106":{"start":{"line":192,"column":8},"end":{"line":192,"column":45}},"107":{"start":{"line":193,"column":8},"end":{"line":193,"column":21}},"108":{"start":{"line":195,"column":6},"end":{"line":207,"column":7}},"109":{"start":{"line":196,"column":8},"end":{"line":201,"column":11}},"110":{"start":{"line":197,"column":10},"end":{"line":199,"column":45}},"111":{"start":{"line":200,"column":10},"end":{"line":200,"column":79}},"112":{"start":{"line":202,"column":8},"end":{"line":202,"column":67}},"113":{"start":{"line":203,"column":8},"end":{"line":203,"column":33}},"114":{"start":{"line":205,"column":8},"end":{"line":205,"column":66}},"115":{"start":{"line":206,"column":8},"end":{"line":206,"column":45}},"116":{"start":{"line":208,"column":6},"end":{"line":208,"column":19}}},"fnMap":{"0":{"name":"(anonymous_0)","decl":{"start":{"line":5,"column":15},"end":{"line":5,"column":16}},"loc":{"start":{"line":5,"column":24},"end":{"line":210,"column":1}},"line":5},"1":{"name":"(anonymous_1)","decl":{"start":{"line":7,"column":38},"end":{"line":7,"column":39}},"loc":{"start":{"line":7,"column":60},"end":{"line":47,"column":5}},"line":7},"2":{"name":"(anonymous_2)","decl":{"start":{"line":22,"column":15},"end":{"line":22,"column":16}},"loc":{"start":{"line":22,"column":25},"end":{"line":39,"column":9}},"line":22},"3":{"name":"(anonymous_3)","decl":{"start":{"line":49,"column":47},"end":{"line":49,"column":48}},"loc":{"start":{"line":49,"column":69},"end":{"line":60,"column":5}},"line":49},"4":{"name":"(anonymous_4)","decl":{"start":{"line":62,"column":23},"end":{"line":62,"column":24}},"loc":{"start":{"line":62,"column":45},"end":{"line":81,"column":5}},"line":62},"5":{"name":"(anonymous_5)","decl":{"start":{"line":83,"column":28},"end":{"line":83,"column":29}},"loc":{"start":{"line":83,"column":50},"end":{"line":106,"column":5}},"line":83},"6":{"name":"(anonymous_6)","decl":{"start":{"line":101,"column":43},"end":{"line":101,"column":44}},"loc":{"start":{"line":101,"column":54},"end":{"line":101,"column":64}},"line":101},"7":{"name":"(anonymous_7)","decl":{"start":{"line":108,"column":20},"end":{"line":108,"column":21}},"loc":{"start":{"line":108,"column":42},"end":{"line":148,"column":5}},"line":108},"8":{"name":"(anonymous_8)","decl":{"start":{"line":128,"column":52},"end":{"line":128,"column":53}},"loc":{"start":{"line":128,"column":67},"end":{"line":138,"column":9}},"line":128},"9":{"name":"(anonymous_9)","decl":{"start":{"line":132,"column":50},"end":{"line":132,"column":51}},"loc":{"start":{"line":132,"column":67},"end":{"line":135,"column":11}},"line":132},"10":{"name":"(anonymous_10)","decl":{"start":{"line":150,"column":24},"end":{"line":150,"column":25}},"loc":{"start":{"line":150,"column":46},"end":{"line":180,"column":5}},"line":150},"11":{"name":"(anonymous_11)","decl":{"start":{"line":159,"column":52},"end":{"line":159,"column":53}},"loc":{"start":{"line":159,"column":67},"end":{"line":173,"column":9}},"line":159},"12":{"name":"(anonymous_12)","decl":{"start":{"line":166,"column":50},"end":{"line":166,"column":51}},"loc":{"start":{"line":166,"column":67},"end":{"line":170,"column":11}},"line":166},"13":{"name":"(anonymous_13)","decl":{"start":{"line":182,"column":26},"end":{"line":182,"column":27}},"loc":{"start":{"line":182,"column":48},"end":{"line":209,"column":5}},"line":182},"14":{"name":"(anonymous_14)","decl":{"start":{"line":196,"column":52},"end":{"line":196,"column":53}},"loc":{"start":{"line":196,"column":67},"end":{"line":201,"column":9}},"line":196}},"branchMap":{"0":{"loc":{"start":{"line":8,"column":6},"end":{"line":12,"column":7}},"type":"if","locations":[{"start":{"line":8,"column":6},"end":{"line":12,"column":7}},{"start":{},"end":{}}],"line":8},"1":{"loc":{"start":{"line":23,"column":10},"end":{"line":26,"column":11}},"type":"if","locations":[{"start":{"line":23,"column":10},"end":{"line":26,"column":11}},{"start":{},"end":{}}],"line":23},"2":{"loc":{"start":{"line":27,"column":10},"end":{"line":30,"column":11}},"type":"if","locations":[{"start":{"line":27,"column":10},"end":{"line":30,"column":11}},{"start":{},"end":{}}],"line":27},"3":{"loc":{"start":{"line":31,"column":10},"end":{"line":34,"column":11}},"type":"if","locations":[{"start":{"line":31,"column":10},"end":{"line":34,"column":11}},{"start":{},"end":{}}],"line":31},"4":{"loc":{"start":{"line":35,"column":10},"end":{"line":38,"column":11}},"type":"if","locations":[{"start":{"line":35,"column":10},"end":{"line":38,"column":11}},{"start":{},"end":{}}],"line":35},"5":{"loc":{"start":{"line":50,"column":6},"end":{"line":54,"column":7}},"type":"if","locations":[{"start":{"line":50,"column":6},"end":{"line":54,"column":7}},{"start":{},"end":{}}],"line":50},"6":{"loc":{"start":{"line":63,"column":6},"end":{"line":67,"column":7}},"type":"if","locations":[{"start":{"line":63,"column":6},"end":{"line":67,"column":7}},{"start":{},"end":{}}],"line":63},"7":{"loc":{"start":{"line":84,"column":6},"end":{"line":88,"column":7}},"type":"if","locations":[{"start":{"line":84,"column":6},"end":{"line":88,"column":7}},{"start":{},"end":{}}],"line":84},"8":{"loc":{"start":{"line":183,"column":6},"end":{"line":187,"column":7}},"type":"if","locations":[{"start":{"line":183,"column":6},"end":{"line":187,"column":7}},{"start":{},"end":{}}],"line":183},"9":{"loc":{"start":{"line":190,"column":6},"end":{"line":194,"column":7}},"type":"if","locations":[{"start":{"line":190,"column":6},"end":{"line":194,"column":7}},{"start":{},"end":{}}],"line":190}},"s":{"0":6,"1":5,"2":1,"3":1,"4":1,"5":4,"6":4,"7":4,"8":1,"9":1,"10":4,"11":1,"12":1,"13":4,"14":2,"15":2,"16":4,"17":2,"18":2,"19":4,"20":4,"21":4,"22":4,"23":4,"24":2,"25":1,"26":1,"27":1,"28":1,"29":1,"30":1,"31":1,"32":1,"33":2,"34":1,"35":1,"36":1,"37":1,"38":1,"39":1,"40":1,"41":2,"42":1,"43":1,"44":1,"45":1,"46":1,"47":1,"48":1,"49":1,"50":1,"51":0,"52":1,"53":1,"54":1,"55":1,"56":1,"57":1,"58":1,"59":1,"60":1,"61":1,"62":1,"63":1,"64":1,"65":1,"66":1,"67":1,"68":1,"69":1,"70":1,"71":2,"72":2,"73":1,"74":1,"75":1,"76":1,"77":0,"78":0,"79":1,"80":1,"81":1,"82":1,"83":1,"84":1,"85":1,"86":1,"87":1,"88":1,"89":1,"90":0,"91":0,"92":0,"93":0,"94":0,"95":0,"96":1,"97":1,"98":3,"99":1,"100":1,"101":1,"102":2,"103":2,"104":2,"105":1,"106":1,"107":1,"108":1,"109":1,"110":1,"111":1,"112":1,"113":1,"114":0,"115":0,"116":1},"f":{"0":6,"1":5,"2":4,"3":2,"4":2,"5":2,"6":0,"7":1,"8":1,"9":2,"10":1,"11":1,"12":0,"13":3,"14":1},"b":{"0":[1,4],"1":[1,3],"2":[1,3],"3":[2,2],"4":[2,2],"5":[1,1],"6":[1,1],"7":[1,1],"8":[1,2],"9":[1,1]},"_coverageSchema":"1a1c01bbd47fc00a2c39e90264f33305004495a9","hash":"b33a05b464a79ae45af808a33016e9e885b033ae"}
,"/home/timyr/backend-project-lvl4/server/routes/users.js": {"path":"/home/timyr/backend-project-lvl4/server/routes/users.js","statementMap":{"0":{"start":{"line":6,"column":2},"end":{"line":85,"column":7}},"1":{"start":{"line":8,"column":20},"end":{"line":8,"column":59}},"2":{"start":{"line":9,"column":6},"end":{"line":9,"column":45}},"3":{"start":{"line":10,"column":6},"end":{"line":10,"column":19}},"4":{"start":{"line":14,"column":19},"end":{"line":14,"column":50}},"5":{"start":{"line":15,"column":6},"end":{"line":15,"column":42}},"6":{"start":{"line":19,"column":19},"end":{"line":19,"column":82}},"7":{"start":{"line":20,"column":6},"end":{"line":24,"column":7}},"8":{"start":{"line":21,"column":8},"end":{"line":21,"column":57}},"9":{"start":{"line":22,"column":8},"end":{"line":22,"column":44}},"10":{"start":{"line":23,"column":8},"end":{"line":23,"column":21}},"11":{"start":{"line":24,"column":8},"end":{"line":28,"column":7}},"12":{"start":{"line":25,"column":8},"end":{"line":25,"column":59}},"13":{"start":{"line":26,"column":8},"end":{"line":26,"column":45}},"14":{"start":{"line":27,"column":8},"end":{"line":27,"column":21}},"15":{"start":{"line":29,"column":6},"end":{"line":29,"column":44}},"16":{"start":{"line":30,"column":6},"end":{"line":30,"column":19}},"17":{"start":{"line":34,"column":21},"end":{"line":34,"column":31}},"18":{"start":{"line":35,"column":6},"end":{"line":42,"column":7}},"19":{"start":{"line":36,"column":8},"end":{"line":36,"column":54}},"20":{"start":{"line":37,"column":8},"end":{"line":37,"column":67}},"21":{"start":{"line":38,"column":8},"end":{"line":38,"column":33}},"22":{"start":{"line":40,"column":8},"end":{"line":40,"column":66}},"23":{"start":{"line":41,"column":8},"end":{"line":41,"column":64}},"24":{"start":{"line":46,"column":19},"end":{"line":46,"column":82}},"25":{"start":{"line":47,"column":6},"end":{"line":51,"column":7}},"26":{"start":{"line":48,"column":8},"end":{"line":48,"column":57}},"27":{"start":{"line":49,"column":8},"end":{"line":49,"column":44}},"28":{"start":{"line":50,"column":8},"end":{"line":50,"column":21}},"29":{"start":{"line":51,"column":8},"end":{"line":55,"column":7}},"30":{"start":{"line":52,"column":8},"end":{"line":52,"column":59}},"31":{"start":{"line":53,"column":8},"end":{"line":53,"column":45}},"32":{"start":{"line":54,"column":8},"end":{"line":54,"column":21}},"33":{"start":{"line":56,"column":23},"end":{"line":56,"column":97}},"34":{"start":{"line":57,"column":22},"end":{"line":57,"column":95}},"35":{"start":{"line":58,"column":6},"end":{"line":62,"column":7}},"36":{"start":{"line":59,"column":8},"end":{"line":59,"column":66}},"37":{"start":{"line":60,"column":8},"end":{"line":60,"column":45}},"38":{"start":{"line":61,"column":8},"end":{"line":61,"column":21}},"39":{"start":{"line":63,"column":6},"end":{"line":63,"column":19}},"40":{"start":{"line":64,"column":6},"end":{"line":64,"column":72}},"41":{"start":{"line":65,"column":6},"end":{"line":65,"column":65}},"42":{"start":{"line":66,"column":6},"end":{"line":66,"column":31}},"43":{"start":{"line":67,"column":6},"end":{"line":67,"column":19}},"44":{"start":{"line":71,"column":19},"end":{"line":71,"column":50}},"45":{"start":{"line":72,"column":6},"end":{"line":72,"column":31}},"46":{"start":{"line":74,"column":6},"end":{"line":82,"column":7}},"47":{"start":{"line":75,"column":26},"end":{"line":75,"column":81}},"48":{"start":{"line":76,"column":8},"end":{"line":76,"column":66}},"49":{"start":{"line":77,"column":8},"end":{"line":77,"column":67}},"50":{"start":{"line":78,"column":8},"end":{"line":78,"column":44}},"51":{"start":{"line":80,"column":8},"end":{"line":80,"column":66}},"52":{"start":{"line":81,"column":8},"end":{"line":81,"column":58}},"53":{"start":{"line":84,"column":6},"end":{"line":84,"column":19}}},"fnMap":{"0":{"name":"(anonymous_0)","decl":{"start":{"line":5,"column":15},"end":{"line":5,"column":16}},"loc":{"start":{"line":5,"column":24},"end":{"line":86,"column":1}},"line":5},"1":{"name":"(anonymous_1)","decl":{"start":{"line":7,"column":38},"end":{"line":7,"column":39}},"loc":{"start":{"line":7,"column":60},"end":{"line":11,"column":5}},"line":7},"2":{"name":"(anonymous_2)","decl":{"start":{"line":13,"column":44},"end":{"line":13,"column":45}},"loc":{"start":{"line":13,"column":60},"end":{"line":16,"column":5}},"line":13},"3":{"name":"(anonymous_3)","decl":{"start":{"line":18,"column":53},"end":{"line":18,"column":54}},"loc":{"start":{"line":18,"column":75},"end":{"line":31,"column":5}},"line":18},"4":{"name":"(anonymous_4)","decl":{"start":{"line":33,"column":24},"end":{"line":33,"column":25}},"loc":{"start":{"line":33,"column":46},"end":{"line":43,"column":5}},"line":33},"5":{"name":"(anonymous_5)","decl":{"start":{"line":45,"column":50},"end":{"line":45,"column":51}},"loc":{"start":{"line":45,"column":72},"end":{"line":68,"column":5}},"line":45},"6":{"name":"(anonymous_6)","decl":{"start":{"line":70,"column":20},"end":{"line":70,"column":21}},"loc":{"start":{"line":70,"column":42},"end":{"line":85,"column":5}},"line":70}},"branchMap":{"0":{"loc":{"start":{"line":20,"column":6},"end":{"line":24,"column":7}},"type":"if","locations":[{"start":{"line":20,"column":6},"end":{"line":24,"column":7}},{"start":{},"end":{}}],"line":20},"1":{"loc":{"start":{"line":24,"column":8},"end":{"line":28,"column":7}},"type":"if","locations":[{"start":{"line":24,"column":8},"end":{"line":28,"column":7}},{"start":{},"end":{}}],"line":24},"2":{"loc":{"start":{"line":47,"column":6},"end":{"line":51,"column":7}},"type":"if","locations":[{"start":{"line":47,"column":6},"end":{"line":51,"column":7}},{"start":{},"end":{}}],"line":47},"3":{"loc":{"start":{"line":51,"column":8},"end":{"line":55,"column":7}},"type":"if","locations":[{"start":{"line":51,"column":8},"end":{"line":55,"column":7}},{"start":{},"end":{}}],"line":51},"4":{"loc":{"start":{"line":58,"column":6},"end":{"line":62,"column":7}},"type":"if","locations":[{"start":{"line":58,"column":6},"end":{"line":62,"column":7}},{"start":{},"end":{}}],"line":58},"5":{"loc":{"start":{"line":58,"column":10},"end":{"line":58,"column":55}},"type":"binary-expr","locations":[{"start":{"line":58,"column":10},"end":{"line":58,"column":31}},{"start":{"line":58,"column":35},"end":{"line":58,"column":55}}],"line":58}},"s":{"0":6,"1":1,"2":1,"3":1,"4":1,"5":1,"6":3,"7":3,"8":1,"9":1,"10":1,"11":2,"12":1,"13":1,"14":1,"15":1,"16":1,"17":1,"18":1,"19":1,"20":1,"21":1,"22":0,"23":0,"24":2,"25":2,"26":1,"27":1,"28":1,"29":1,"30":0,"31":0,"32":0,"33":1,"34":1,"35":1,"36":0,"37":0,"38":0,"39":1,"40":1,"41":1,"42":1,"43":1,"44":1,"45":1,"46":1,"47":1,"48":1,"49":1,"50":1,"51":0,"52":0,"53":1},"f":{"0":6,"1":1,"2":1,"3":3,"4":1,"5":2,"6":1},"b":{"0":[1,2],"1":[1,1],"2":[1,1],"3":[0,1],"4":[0,1],"5":[1,1]},"_coverageSchema":"1a1c01bbd47fc00a2c39e90264f33305004495a9","hash":"89492ac9e91a740fc701255ecbc704a1607df7f4"}
,"/home/timyr/backend-project-lvl4/server/routes/welcome.js": {"path":"/home/timyr/backend-project-lvl4/server/routes/welcome.js","statementMap":{"0":{"start":{"line":4,"column":2},"end":{"line":10,"column":7}},"1":{"start":{"line":6,"column":6},"end":{"line":6,"column":36}},"2":{"start":{"line":9,"column":6},"end":{"line":9,"column":36}}},"fnMap":{"0":{"name":"(anonymous_0)","decl":{"start":{"line":3,"column":15},"end":{"line":3,"column":16}},"loc":{"start":{"line":3,"column":24},"end":{"line":11,"column":1}},"line":3},"1":{"name":"(anonymous_1)","decl":{"start":{"line":5,"column":32},"end":{"line":5,"column":33}},"loc":{"start":{"line":5,"column":48},"end":{"line":7,"column":5}},"line":5},"2":{"name":"(anonymous_2)","decl":{"start":{"line":8,"column":79},"end":{"line":8,"column":80}},"loc":{"start":{"line":8,"column":95},"end":{"line":10,"column":5}},"line":8}},"branchMap":{},"s":{"0":6,"1":1,"2":0},"f":{"0":6,"1":1,"2":0},"b":{},"_coverageSchema":"1a1c01bbd47fc00a2c39e90264f33305004495a9","hash":"206b5e545dda7e7e6b8dfa88ae85bab83f5e9484"}
}
