TN:
SF:knexfile.js
FNF:0
FNH:0
DA:6,6
DA:8,6
DA:12,6
DA:21,6
DA:29,6
LF:5
LH:5
BRF:0
BRH:0
end_of_record
TN:
SF:server/plugin.js
FN:34,(anonymous_0)
FN:43,(anonymous_1)
FN:48,render
FN:53,(anonymous_3)
FN:61,(anonymous_4)
FN:73,(anonymous_5)
FN:74,(anonymous_6)
FN:76,(anonymous_7)
FN:87,(anonymous_8)
FN:88,(anonymous_9)
FN:93,(anonymous_10)
FN:106,(anonymous_11)
FN:108,(anonymous_12)
FN:113,(anonymous_13)
FN:130,(anonymous_14)
FNF:15
FNH:13
FNDA:6,(anonymous_0)
FNDA:38,(anonymous_1)
FNDA:19,render
FNDA:6,(anonymous_3)
FNDA:6,(anonymous_4)
FNDA:6,(anonymous_5)
FNDA:71,(anonymous_6)
FNDA:19,(anonymous_7)
FNDA:6,(anonymous_8)
FNDA:0,(anonymous_9)
FNDA:6,(anonymous_10)
FNDA:25,(anonymous_11)
FNDA:21,(anonymous_12)
FNDA:0,(anonymous_13)
FNDA:6,(anonymous_14)
DA:29,6
DA:31,6
DA:34,6
DA:35,6
DA:36,6
DA:43,38
DA:48,6
DA:49,19
DA:53,6
DA:54,6
DA:55,6
DA:61,6
DA:62,6
DA:73,6
DA:74,6
DA:75,71
DA:76,19
DA:81,6
DA:87,6
DA:88,6
DA:89,0
DA:93,6
DA:94,6
DA:95,6
DA:96,6
DA:97,6
DA:98,6
DA:105,6
DA:106,25
DA:108,21
DA:109,6
DA:110,6
DA:111,6
DA:112,6
DA:113,6
DA:122,6
DA:123,6
DA:131,6
DA:132,6
DA:133,6
DA:134,6
DA:135,6
DA:136,6
DA:137,6
DA:139,6
LF:45
LH:44
BRDA:31,0,0,6
BRDA:31,0,1,0
BRF:2
BRH:1
end_of_record
TN:
SF:server/helpers/index.js
FN:6,(anonymous_0)
FN:7,(anonymous_1)
FN:10,(anonymous_2)
FN:14,(anonymous_3)
FN:28,(anonymous_4)
FNF:5
FNH:5
FNDA:6,(anonymous_0)
FNDA:95,(anonymous_1)
FNDA:233,(anonymous_2)
FNDA:14,(anonymous_3)
FNDA:16,(anonymous_4)
DA:6,6
DA:8,95
DA:11,233
DA:15,14
DA:19,0
DA:21,14
DA:23,0
DA:25,0
DA:29,16
DA:30,16
LF:10
LH:7
BRDA:15,0,0,0
BRDA:15,0,1,14
BRDA:15,0,2,0
BRDA:15,0,3,0
BRF:4
BRH:1
end_of_record
TN:
SF:server/lib/secure.cjs
FN:8,(anonymous_0)
FNF:1
FNH:1
FNDA:25,(anonymous_0)
DA:3,6
DA:8,25
LF:2
LH:2
BRF:0
BRH:0
end_of_record
TN:
SF:server/lib/passportStrategies/FormStrategy.js
FN:7,(anonymous_0)
FN:12,(anonymous_1)
FNF:2
FNH:2
FNDA:6,(anonymous_0)
FNDA:22,(anonymous_1)
DA:8,6
DA:9,6
DA:13,22
DA:14,0
DA:17,22
DA:18,22
DA:19,22
DA:20,22
DA:21,22
DA:22,21
DA:25,1
LF:11
LH:10
BRDA:13,0,0,0
BRDA:13,0,1,22
BRDA:21,1,0,21
BRDA:21,1,1,1
BRDA:21,2,0,22
BRDA:21,2,1,21
BRF:6
BRH:5
end_of_record
TN:
SF:server/locales/ru.js
FNF:0
FNH:0
LF:0
LH:0
BRF:0
BRH:0
end_of_record
TN:
SF:server/migrations/20200716171734_create_label_table.js
FN:3,(anonymous_0)
FN:4,(anonymous_1)
FN:13,(anonymous_2)
FNF:3
FNH:2
FNDA:5,(anonymous_0)
FNDA:5,(anonymous_1)
FNDA:0,(anonymous_2)
DA:3,5
DA:4,5
DA:5,5
DA:6,5
DA:7,5
DA:8,5
DA:13,5
DA:14,0
LF:8
LH:7
BRF:0
BRH:0
end_of_record
TN:
SF:server/migrations/20200716171734_create_task_labels_table.js
FN:3,(anonymous_0)
FN:4,(anonymous_1)
FN:20,(anonymous_2)
FNF:3
FNH:2
FNDA:5,(anonymous_0)
FNDA:5,(anonymous_1)
FNDA:0,(anonymous_2)
DA:3,5
DA:4,5
DA:5,5
DA:6,5
DA:7,5
DA:10,5
DA:11,5
DA:14,5
DA:15,5
DA:20,5
DA:21,0
LF:11
LH:10
BRF:0
BRH:0
end_of_record
TN:
SF:server/migrations/20200716171734_create_task_status_table.js
FN:3,(anonymous_0)
FN:4,(anonymous_1)
FN:13,(anonymous_2)
FNF:3
FNH:2
FNDA:5,(anonymous_0)
FNDA:5,(anonymous_1)
FNDA:0,(anonymous_2)
DA:3,5
DA:4,5
DA:5,5
DA:6,5
DA:7,5
DA:8,5
DA:13,5
DA:14,0
LF:8
LH:7
BRF:0
BRH:0
end_of_record
TN:
SF:server/migrations/20200716171734_create_task_table.js
FN:3,(anonymous_0)
FN:4,(anonymous_1)
FN:26,(anonymous_2)
FNF:3
FNH:2
FNDA:5,(anonymous_0)
FNDA:5,(anonymous_1)
FNDA:0,(anonymous_2)
DA:3,5
DA:4,5
DA:5,5
DA:6,5
DA:7,5
DA:8,5
DA:9,5
DA:12,5
DA:13,5
DA:16,5
DA:17,5
DA:20,5
DA:21,5
DA:26,5
DA:27,0
LF:15
LH:14
BRF:0
BRH:0
end_of_record
TN:
SF:server/migrations/20200716171734_create_users_table.js
FN:3,(anonymous_0)
FN:4,(anonymous_1)
FN:16,(anonymous_2)
FNF:3
FNH:2
FNDA:5,(anonymous_0)
FNDA:5,(anonymous_1)
FNDA:0,(anonymous_2)
DA:3,5
DA:4,5
DA:5,5
DA:6,5
DA:7,5
DA:8,5
DA:9,5
DA:10,5
DA:11,5
DA:16,5
DA:17,0
LF:11
LH:10
BRF:0
BRH:0
end_of_record
TN:
SF:server/models/BaseModel.cjs
FN:5,(anonymous_0)
FNF:1
FNH:1
FNDA:4,(anonymous_0)
DA:2,6
DA:4,6
DA:6,4
LF:3
LH:3
BRF:0
BRH:0
end_of_record
TN:
SF:server/models/Label.cjs
FN:8,(anonymous_0)
FN:12,(anonymous_1)
FNF:2
FNH:2
FNDA:131,(anonymous_0)
FNDA:2,(anonymous_1)
DA:2,6
DA:3,6
DA:5,6
DA:7,6
DA:9,131
DA:13,2
LF:6
LH:6
BRF:0
BRH:0
end_of_record
TN:
SF:server/models/Task.cjs
FN:11,(anonymous_0)
FN:15,(anonymous_1)
FN:30,(anonymous_2)
FNF:3
FNH:3
FNDA:162,(anonymous_0)
FNDA:1,(anonymous_1)
FNDA:1,(anonymous_2)
DA:2,6
DA:3,6
DA:4,6
DA:5,6
DA:6,6
DA:8,6
DA:10,6
DA:12,162
DA:16,1
DA:31,1
LF:10
LH:10
BRF:0
BRH:0
end_of_record
TN:
SF:server/models/TaskLabels.cjs
FN:8,(anonymous_0)
FN:12,(anonymous_1)
FNF:2
FNH:2
FNDA:26,(anonymous_0)
FNDA:1,(anonymous_1)
DA:2,6
DA:3,6
DA:5,6
DA:7,6
DA:9,26
DA:13,1
LF:6
LH:6
BRF:0
BRH:0
end_of_record
TN:
SF:server/models/TaskStatus.cjs
FN:8,(anonymous_0)
FN:12,(anonymous_1)
FNF:2
FNH:2
FNDA:125,(anonymous_0)
FNDA:2,(anonymous_1)
DA:2,6
DA:3,6
DA:5,6
DA:7,6
DA:9,125
DA:13,2
LF:6
LH:6
BRF:0
BRH:0
end_of_record
TN:
SF:server/models/User.cjs
FN:9,(anonymous_0)
FN:13,(anonymous_1)
FN:27,(anonymous_2)
FN:31,(anonymous_3)
FNF:4
FNH:4
FNDA:390,(anonymous_0)
FNDA:5,(anonymous_1)
FNDA:3,(anonymous_2)
FNDA:21,(anonymous_3)
DA:2,6
DA:3,6
DA:4,6
DA:6,6
DA:8,6
DA:10,390
DA:14,5
DA:28,3
DA:32,21
LF:9
LH:9
BRF:0
BRH:0
end_of_record
TN:
SF:server/models/index.js
FNF:0
FNH:0
LF:0
LH:0
BRF:0
BRH:0
end_of_record
TN:
SF:server/routes/index.js
FN:19,(anonymous_0)
FN:19,(anonymous_1)
FNF:2
FNH:2
FNDA:6,(anonymous_0)
FNDA:36,(anonymous_1)
DA:10,6
DA:19,36
LF:2
LH:2
BRF:0
BRH:0
end_of_record
TN:
SF:server/routes/labels.js
FN:5,(anonymous_0)
FN:7,(anonymous_1)
FN:18,(anonymous_2)
FN:28,(anonymous_3)
FN:39,(anonymous_4)
FN:56,(anonymous_5)
FN:69,(anonymous_6)
FNF:7
FNH:7
FNDA:6,(anonymous_0)
FNDA:2,(anonymous_1)
FNDA:2,(anonymous_2)
FNDA:2,(anonymous_3)
FNDA:1,(anonymous_4)
FNDA:1,(anonymous_5)
FNDA:2,(anonymous_6)
DA:6,6
DA:8,2
DA:9,1
DA:10,1
DA:11,1
DA:13,1
DA:14,1
DA:15,1
DA:19,2
DA:20,1
DA:21,1
DA:22,1
DA:24,1
DA:25,1
DA:29,2
DA:30,2
DA:31,1
DA:32,1
DA:33,1
DA:35,1
DA:36,1
DA:40,1
DA:41,1
DA:43,1
DA:44,1
DA:45,1
DA:46,1
DA:47,1
DA:49,0
DA:50,0
DA:53,1
DA:57,1
DA:58,1
DA:59,1
DA:60,1
DA:61,1
DA:62,1
DA:64,0
DA:65,0
DA:70,2
DA:71,1
DA:72,1
DA:73,1
DA:75,1
DA:77,1
DA:78,0
DA:79,0
DA:80,0
DA:82,1
DA:83,1
DA:84,1
DA:85,1
LF:52
LH:45
BRDA:8,0,0,1
BRDA:8,0,1,1
BRDA:19,1,0,1
BRDA:19,1,1,1
BRDA:30,2,0,1
BRDA:30,2,1,1
BRDA:70,3,0,1
BRDA:70,3,1,1
BRDA:77,4,0,0
BRDA:77,4,1,1
BRF:10
BRH:9
end_of_record
TN:
SF:server/routes/session.js
FN:5,(anonymous_0)
FN:7,(anonymous_1)
FN:12,(anonymous_2)
FN:28,(anonymous_3)
FNF:4
FNH:4
FNDA:6,(anonymous_0)
FNDA:1,(anonymous_1)
FNDA:22,(anonymous_2)
FNDA:1,(anonymous_3)
DA:6,6
DA:8,1
DA:9,1
DA:13,22
DA:14,0
DA:16,22
DA:17,1
DA:18,1
DA:21,1
DA:23,21
DA:24,21
DA:25,21
DA:29,1
DA:30,1
DA:31,1
LF:15
LH:14
BRDA:13,0,0,0
BRDA:13,0,1,22
BRDA:16,1,0,1
BRDA:16,1,1,21
BRF:4
BRH:3
end_of_record
TN:
SF:server/routes/statuses.js
FN:5,(anonymous_0)
FN:7,(anonymous_1)
FN:18,(anonymous_2)
FN:28,(anonymous_3)
FN:39,(anonymous_4)
FN:56,(anonymous_5)
FN:69,(anonymous_6)
FNF:7
FNH:7
FNDA:6,(anonymous_0)
FNDA:2,(anonymous_1)
FNDA:2,(anonymous_2)
FNDA:2,(anonymous_3)
FNDA:1,(anonymous_4)
FNDA:1,(anonymous_5)
FNDA:2,(anonymous_6)
DA:6,6
DA:8,2
DA:9,1
DA:10,1
DA:11,1
DA:13,1
DA:14,1
DA:15,1
DA:19,2
DA:20,1
DA:21,1
DA:22,1
DA:24,1
DA:25,1
DA:29,2
DA:30,2
DA:31,1
DA:32,1
DA:33,1
DA:35,1
DA:36,1
DA:40,1
DA:41,1
DA:43,1
DA:44,1
DA:45,1
DA:46,1
DA:47,1
DA:49,0
DA:50,0
DA:53,1
DA:57,1
DA:58,1
DA:59,1
DA:60,1
DA:61,0
DA:62,0
DA:64,1
DA:65,1
DA:70,2
DA:71,1
DA:72,1
DA:73,1
DA:75,1
DA:76,1
DA:77,0
DA:78,0
DA:79,0
DA:81,1
DA:82,1
DA:83,1
DA:84,1
LF:52
LH:45
BRDA:8,0,0,1
BRDA:8,0,1,1
BRDA:19,1,0,1
BRDA:19,1,1,1
BRDA:30,2,0,1
BRDA:30,2,1,1
BRDA:70,3,0,1
BRDA:70,3,1,1
BRDA:76,4,0,0
BRDA:76,4,1,1
BRF:10
BRH:9
end_of_record
TN:
SF:server/routes/tasks.js
FN:5,(anonymous_0)
FN:7,(anonymous_1)
FN:22,(anonymous_2)
FN:49,(anonymous_3)
FN:62,(anonymous_4)
FN:83,(anonymous_5)
FN:101,(anonymous_6)
FN:108,(anonymous_7)
FN:128,(anonymous_8)
FN:132,(anonymous_9)
FN:150,(anonymous_10)
FN:159,(anonymous_11)
FN:166,(anonymous_12)
FN:182,(anonymous_13)
FN:196,(anonymous_14)
FNF:15
FNH:13
FNDA:6,(anonymous_0)
FNDA:5,(anonymous_1)
FNDA:4,(anonymous_2)
FNDA:2,(anonymous_3)
FNDA:2,(anonymous_4)
FNDA:2,(anonymous_5)
FNDA:0,(anonymous_6)
FNDA:1,(anonymous_7)
FNDA:1,(anonymous_8)
FNDA:2,(anonymous_9)
FNDA:1,(anonymous_10)
FNDA:1,(anonymous_11)
FNDA:0,(anonymous_12)
FNDA:3,(anonymous_13)
FNDA:1,(anonymous_14)
DA:6,6
DA:8,5
DA:9,1
DA:10,1
DA:11,1
DA:13,4
DA:19,4
DA:23,4
DA:24,1
DA:25,1
DA:27,4
DA:28,1
DA:29,1
DA:31,4
DA:32,2
DA:33,2
DA:35,4
DA:36,2
DA:37,2
DA:40,4
DA:41,4
DA:42,4
DA:43,4
DA:46,4
DA:50,2
DA:51,1
DA:52,1
DA:53,1
DA:55,1
DA:56,1
DA:57,1
DA:58,1
DA:59,1
DA:63,2
DA:64,1
DA:65,1
DA:66,1
DA:68,1
DA:78,1
DA:79,1
DA:80,1
DA:84,2
DA:85,1
DA:86,1
DA:87,1
DA:89,1
DA:97,1
DA:98,1
DA:99,1
DA:100,1
DA:101,1
DA:102,1
DA:105,1
DA:109,1
DA:110,1
DA:111,1
DA:112,1
DA:115,1
DA:116,1
DA:117,1
DA:118,1
DA:119,1
DA:120,1
DA:124,1
DA:125,1
DA:128,1
DA:129,1
DA:130,1
DA:131,1
DA:132,1
DA:133,2
DA:134,2
DA:136,1
DA:137,1
DA:139,1
DA:140,1
DA:142,0
DA:143,0
DA:147,1
DA:151,1
DA:152,1
DA:153,1
DA:156,1
DA:157,1
DA:158,1
DA:159,1
DA:160,1
DA:163,1
DA:166,1
DA:167,0
DA:168,0
DA:171,0
DA:172,0
DA:174,0
DA:175,0
DA:177,1
DA:178,1
DA:183,3
DA:184,1
DA:185,1
DA:186,1
DA:188,2
DA:189,2
DA:190,2
DA:191,1
DA:192,1
DA:193,1
DA:195,1
DA:196,1
DA:197,1
DA:200,1
DA:202,1
DA:203,1
DA:205,0
DA:206,0
DA:208,1
LF:116
LH:106
BRDA:8,0,0,1
BRDA:8,0,1,4
BRDA:23,1,0,1
BRDA:23,1,1,3
BRDA:27,2,0,1
BRDA:27,2,1,3
BRDA:31,3,0,2
BRDA:31,3,1,2
BRDA:35,4,0,2
BRDA:35,4,1,2
BRDA:50,5,0,1
BRDA:50,5,1,1
BRDA:63,6,0,1
BRDA:63,6,1,1
BRDA:84,7,0,1
BRDA:84,7,1,1
BRDA:183,8,0,1
BRDA:183,8,1,2
BRDA:190,9,0,1
BRDA:190,9,1,1
BRF:20
BRH:20
end_of_record
TN:
SF:server/routes/users.js
FN:5,(anonymous_0)
FN:7,(anonymous_1)
FN:13,(anonymous_2)
FN:18,(anonymous_3)
FN:33,(anonymous_4)
FN:45,(anonymous_5)
FN:70,(anonymous_6)
FNF:7
FNH:7
FNDA:6,(anonymous_0)
FNDA:1,(anonymous_1)
FNDA:1,(anonymous_2)
FNDA:3,(anonymous_3)
FNDA:1,(anonymous_4)
FNDA:2,(anonymous_5)
FNDA:1,(anonymous_6)
DA:6,6
DA:8,1
DA:9,1
DA:10,1
DA:14,1
DA:15,1
DA:19,3
DA:20,3
DA:21,1
DA:22,1
DA:23,1
DA:24,2
DA:25,1
DA:26,1
DA:27,1
DA:29,1
DA:30,1
DA:34,1
DA:35,1
DA:36,1
DA:37,1
DA:38,1
DA:40,0
DA:41,0
DA:46,2
DA:47,2
DA:48,1
DA:49,1
DA:50,1
DA:51,1
DA:52,0
DA:53,0
DA:54,0
DA:56,1
DA:57,1
DA:58,1
DA:59,0
DA:60,0
DA:61,0
DA:63,1
DA:64,1
DA:65,1
DA:66,1
DA:67,1
DA:71,1
DA:72,1
DA:74,1
DA:75,1
DA:76,1
DA:77,1
DA:78,1
DA:80,0
DA:81,0
DA:84,1
LF:54
LH:44
BRDA:20,0,0,1
BRDA:20,0,1,2
BRDA:24,1,0,1
BRDA:24,1,1,1
BRDA:47,2,0,1
BRDA:47,2,1,1
BRDA:51,3,0,0
BRDA:51,3,1,1
BRDA:58,4,0,0
BRDA:58,4,1,1
BRDA:58,5,0,1
BRDA:58,5,1,1
BRF:12
BRH:10
end_of_record
TN:
SF:server/routes/welcome.js
FN:3,(anonymous_0)
FN:5,(anonymous_1)
FN:8,(anonymous_2)
FNF:3
FNH:2
FNDA:6,(anonymous_0)
FNDA:1,(anonymous_1)
FNDA:0,(anonymous_2)
DA:4,6
DA:6,1
DA:9,0
LF:3
LH:2
BRF:0
BRH:0
end_of_record
